2023-07-26 09:34:58,819 ERROR [restartedMain] o.a.c.c.AprLifecycleListener [DirectJDKLog.java:173] An incompatible version [1.2.12] of the Apache Tomcat Native library is installed, while Tomcat requires version [1.2.34]
2023-07-26 09:39:56,137 ERROR [restartedMain] o.a.c.c.AprLifecycleListener [DirectJDKLog.java:173] An incompatible version [1.2.12] of the Apache Tomcat Native library is installed, while Tomcat requires version [1.2.34]
2023-07-26 09:51:04,335 ERROR [restartedMain] o.a.c.c.AprLifecycleListener [DirectJDKLog.java:173] An incompatible version [1.2.12] of the Apache Tomcat Native library is installed, while Tomcat requires version [1.2.34]
2023-07-26 09:54:01,896 ERROR [restartedMain] o.a.c.c.AprLifecycleListener [DirectJDKLog.java:173] An incompatible version [1.2.12] of the Apache Tomcat Native library is installed, while Tomcat requires version [1.2.34]
2023-07-26 09:58:13,663 ERROR [restartedMain] o.a.c.c.AprLifecycleListener [DirectJDKLog.java:173] An incompatible version [1.2.12] of the Apache Tomcat Native library is installed, while Tomcat requires version [1.2.34]
2023-07-26 09:59:36,790 ERROR [restartedMain] o.a.c.c.AprLifecycleListener [DirectJDKLog.java:173] An incompatible version [1.2.12] of the Apache Tomcat Native library is installed, while Tomcat requires version [1.2.34]
2023-07-26 11:08:03,306 ERROR [main] o.a.c.c.AprLifecycleListener [DirectJDKLog.java:173] An incompatible version [1.2.12] of the Apache Tomcat Native library is installed, while Tomcat requires version [1.2.34]
2023-07-26 11:09:08,387 ERROR [main] o.a.c.c.AprLifecycleListener [DirectJDKLog.java:173] An incompatible version [1.2.12] of the Apache Tomcat Native library is installed, while Tomcat requires version [1.2.34]
2023-07-26 11:12:55,233 ERROR [main] o.a.c.c.AprLifecycleListener [DirectJDKLog.java:173] An incompatible version [1.2.12] of the Apache Tomcat Native library is installed, while Tomcat requires version [1.2.34]
2023-07-26 14:55:18,714 ERROR [restartedMain] o.a.c.c.AprLifecycleListener [DirectJDKLog.java:173] An incompatible version [1.2.12] of the Apache Tomcat Native library is installed, while Tomcat requires version [1.2.34]
2023-07-26 15:45:23,630 ERROR [restartedMain] o.a.c.c.AprLifecycleListener [DirectJDKLog.java:173] An incompatible version [1.2.12] of the Apache Tomcat Native library is installed, while Tomcat requires version [1.2.34]
2023-07-26 16:49:11,527 ERROR [restartedMain] o.a.c.c.AprLifecycleListener [DirectJDKLog.java:173] An incompatible version [1.2.12] of the Apache Tomcat Native library is installed, while Tomcat requires version [1.2.34]
2023-07-26 16:52:14,050 ERROR [restartedMain] o.a.c.c.AprLifecycleListener [DirectJDKLog.java:173] An incompatible version [1.2.12] of the Apache Tomcat Native library is installed, while Tomcat requires version [1.2.34]
2023-07-26 19:30:12,854 ERROR [restartedMain] o.a.c.c.AprLifecycleListener [DirectJDKLog.java:173] An incompatible version [1.2.12] of the Apache Tomcat Native library is installed, while Tomcat requires version [1.2.34]
2023-07-26 19:30:33,569 ERROR [http-nio-8080-exec-7] c.e.c.c.a.ExceptionAdvice [ExceptionAdvice.java:22] 服务器发生异常：For input string: "aaa"
2023-07-26 19:30:33,569 ERROR [http-nio-8080-exec-7] c.e.c.c.a.ExceptionAdvice [ExceptionAdvice.java:24] java.base/java.lang.NumberFormatException.forInputString(NumberFormatException.java:67)
2023-07-26 19:30:33,569 ERROR [http-nio-8080-exec-7] c.e.c.c.a.ExceptionAdvice [ExceptionAdvice.java:24] java.base/java.lang.Integer.parseInt(Integer.java:668)
2023-07-26 19:30:33,569 ERROR [http-nio-8080-exec-7] c.e.c.c.a.ExceptionAdvice [ExceptionAdvice.java:24] java.base/java.lang.Integer.valueOf(Integer.java:999)
2023-07-26 19:30:33,569 ERROR [http-nio-8080-exec-7] c.e.c.c.a.ExceptionAdvice [ExceptionAdvice.java:24] com.example.community.controller.MessageController.getLetterList(MessageController.java:35)
2023-07-26 19:30:33,570 ERROR [http-nio-8080-exec-7] c.e.c.c.a.ExceptionAdvice [ExceptionAdvice.java:24] java.base/jdk.internal.reflect.NativeMethodAccessorImpl.invoke0(Native Method)
2023-07-26 19:30:33,570 ERROR [http-nio-8080-exec-7] c.e.c.c.a.ExceptionAdvice [ExceptionAdvice.java:24] java.base/jdk.internal.reflect.NativeMethodAccessorImpl.invoke(NativeMethodAccessorImpl.java:77)
2023-07-26 19:30:33,570 ERROR [http-nio-8080-exec-7] c.e.c.c.a.ExceptionAdvice [ExceptionAdvice.java:24] java.base/jdk.internal.reflect.DelegatingMethodAccessorImpl.invoke(DelegatingMethodAccessorImpl.java:43)
2023-07-26 19:30:33,570 ERROR [http-nio-8080-exec-7] c.e.c.c.a.ExceptionAdvice [ExceptionAdvice.java:24] java.base/java.lang.reflect.Method.invoke(Method.java:568)
2023-07-26 19:30:33,570 ERROR [http-nio-8080-exec-7] c.e.c.c.a.ExceptionAdvice [ExceptionAdvice.java:24] org.springframework.web.method.support.InvocableHandlerMethod.doInvoke(InvocableHandlerMethod.java:205)
2023-07-26 19:30:33,571 ERROR [http-nio-8080-exec-7] c.e.c.c.a.ExceptionAdvice [ExceptionAdvice.java:24] org.springframework.web.method.support.InvocableHandlerMethod.invokeForRequest(InvocableHandlerMethod.java:150)
2023-07-26 19:30:33,571 ERROR [http-nio-8080-exec-7] c.e.c.c.a.ExceptionAdvice [ExceptionAdvice.java:24] org.springframework.web.servlet.mvc.method.annotation.ServletInvocableHandlerMethod.invokeAndHandle(ServletInvocableHandlerMethod.java:118)
2023-07-26 19:30:33,571 ERROR [http-nio-8080-exec-7] c.e.c.c.a.ExceptionAdvice [ExceptionAdvice.java:24] org.springframework.web.servlet.mvc.method.annotation.RequestMappingHandlerAdapter.invokeHandlerMethod(RequestMappingHandlerAdapter.java:884)
2023-07-26 19:30:33,571 ERROR [http-nio-8080-exec-7] c.e.c.c.a.ExceptionAdvice [ExceptionAdvice.java:24] org.springframework.web.servlet.mvc.method.annotation.RequestMappingHandlerAdapter.handleInternal(RequestMappingHandlerAdapter.java:797)
2023-07-26 19:30:33,571 ERROR [http-nio-8080-exec-7] c.e.c.c.a.ExceptionAdvice [ExceptionAdvice.java:24] org.springframework.web.servlet.mvc.method.AbstractHandlerMethodAdapter.handle(AbstractHandlerMethodAdapter.java:87)
2023-07-26 19:30:33,571 ERROR [http-nio-8080-exec-7] c.e.c.c.a.ExceptionAdvice [ExceptionAdvice.java:24] org.springframework.web.servlet.DispatcherServlet.doDispatch(DispatcherServlet.java:1081)
2023-07-26 19:30:33,571 ERROR [http-nio-8080-exec-7] c.e.c.c.a.ExceptionAdvice [ExceptionAdvice.java:24] org.springframework.web.servlet.DispatcherServlet.doService(DispatcherServlet.java:974)
2023-07-26 19:30:33,571 ERROR [http-nio-8080-exec-7] c.e.c.c.a.ExceptionAdvice [ExceptionAdvice.java:24] org.springframework.web.servlet.FrameworkServlet.processRequest(FrameworkServlet.java:1011)
2023-07-26 19:30:33,571 ERROR [http-nio-8080-exec-7] c.e.c.c.a.ExceptionAdvice [ExceptionAdvice.java:24] org.springframework.web.servlet.FrameworkServlet.doGet(FrameworkServlet.java:903)
2023-07-26 19:30:33,571 ERROR [http-nio-8080-exec-7] c.e.c.c.a.ExceptionAdvice [ExceptionAdvice.java:24] jakarta.servlet.http.HttpServlet.service(HttpServlet.java:564)
2023-07-26 19:30:33,572 ERROR [http-nio-8080-exec-7] c.e.c.c.a.ExceptionAdvice [ExceptionAdvice.java:24] org.springframework.web.servlet.FrameworkServlet.service(FrameworkServlet.java:885)
2023-07-26 19:30:33,572 ERROR [http-nio-8080-exec-7] c.e.c.c.a.ExceptionAdvice [ExceptionAdvice.java:24] jakarta.servlet.http.HttpServlet.service(HttpServlet.java:658)
2023-07-26 19:30:33,572 ERROR [http-nio-8080-exec-7] c.e.c.c.a.ExceptionAdvice [ExceptionAdvice.java:24] org.apache.catalina.core.ApplicationFilterChain.internalDoFilter(ApplicationFilterChain.java:205)
2023-07-26 19:30:33,572 ERROR [http-nio-8080-exec-7] c.e.c.c.a.ExceptionAdvice [ExceptionAdvice.java:24] org.apache.catalina.core.ApplicationFilterChain.doFilter(ApplicationFilterChain.java:149)
2023-07-26 19:30:33,572 ERROR [http-nio-8080-exec-7] c.e.c.c.a.ExceptionAdvice [ExceptionAdvice.java:24] org.apache.tomcat.websocket.server.WsFilter.doFilter(WsFilter.java:51)
2023-07-26 19:30:33,572 ERROR [http-nio-8080-exec-7] c.e.c.c.a.ExceptionAdvice [ExceptionAdvice.java:24] org.apache.catalina.core.ApplicationFilterChain.internalDoFilter(ApplicationFilterChain.java:174)
2023-07-26 19:30:33,572 ERROR [http-nio-8080-exec-7] c.e.c.c.a.ExceptionAdvice [ExceptionAdvice.java:24] org.apache.catalina.core.ApplicationFilterChain.doFilter(ApplicationFilterChain.java:149)
2023-07-26 19:30:33,572 ERROR [http-nio-8080-exec-7] c.e.c.c.a.ExceptionAdvice [ExceptionAdvice.java:24] org.springframework.web.filter.RequestContextFilter.doFilterInternal(RequestContextFilter.java:100)
2023-07-26 19:30:33,572 ERROR [http-nio-8080-exec-7] c.e.c.c.a.ExceptionAdvice [ExceptionAdvice.java:24] org.springframework.web.filter.OncePerRequestFilter.doFilter(OncePerRequestFilter.java:116)
2023-07-26 19:30:33,572 ERROR [http-nio-8080-exec-7] c.e.c.c.a.ExceptionAdvice [ExceptionAdvice.java:24] org.apache.catalina.core.ApplicationFilterChain.internalDoFilter(ApplicationFilterChain.java:174)
2023-07-26 19:30:33,572 ERROR [http-nio-8080-exec-7] c.e.c.c.a.ExceptionAdvice [ExceptionAdvice.java:24] org.apache.catalina.core.ApplicationFilterChain.doFilter(ApplicationFilterChain.java:149)
2023-07-26 19:30:33,572 ERROR [http-nio-8080-exec-7] c.e.c.c.a.ExceptionAdvice [ExceptionAdvice.java:24] org.springframework.web.filter.FormContentFilter.doFilterInternal(FormContentFilter.java:93)
2023-07-26 19:30:33,573 ERROR [http-nio-8080-exec-7] c.e.c.c.a.ExceptionAdvice [ExceptionAdvice.java:24] org.springframework.web.filter.OncePerRequestFilter.doFilter(OncePerRequestFilter.java:116)
2023-07-26 19:30:33,573 ERROR [http-nio-8080-exec-7] c.e.c.c.a.ExceptionAdvice [ExceptionAdvice.java:24] org.apache.catalina.core.ApplicationFilterChain.internalDoFilter(ApplicationFilterChain.java:174)
2023-07-26 19:30:33,573 ERROR [http-nio-8080-exec-7] c.e.c.c.a.ExceptionAdvice [ExceptionAdvice.java:24] org.apache.catalina.core.ApplicationFilterChain.doFilter(ApplicationFilterChain.java:149)
2023-07-26 19:30:33,573 ERROR [http-nio-8080-exec-7] c.e.c.c.a.ExceptionAdvice [ExceptionAdvice.java:24] org.springframework.web.filter.CharacterEncodingFilter.doFilterInternal(CharacterEncodingFilter.java:201)
2023-07-26 19:30:33,574 ERROR [http-nio-8080-exec-7] c.e.c.c.a.ExceptionAdvice [ExceptionAdvice.java:24] org.springframework.web.filter.OncePerRequestFilter.doFilter(OncePerRequestFilter.java:116)
2023-07-26 19:30:33,574 ERROR [http-nio-8080-exec-7] c.e.c.c.a.ExceptionAdvice [ExceptionAdvice.java:24] org.apache.catalina.core.ApplicationFilterChain.internalDoFilter(ApplicationFilterChain.java:174)
2023-07-26 19:30:33,574 ERROR [http-nio-8080-exec-7] c.e.c.c.a.ExceptionAdvice [ExceptionAdvice.java:24] org.apache.catalina.core.ApplicationFilterChain.doFilter(ApplicationFilterChain.java:149)
2023-07-26 19:30:33,575 ERROR [http-nio-8080-exec-7] c.e.c.c.a.ExceptionAdvice [ExceptionAdvice.java:24] org.apache.catalina.core.StandardWrapperValve.invoke(StandardWrapperValve.java:166)
2023-07-26 19:30:33,575 ERROR [http-nio-8080-exec-7] c.e.c.c.a.ExceptionAdvice [ExceptionAdvice.java:24] org.apache.catalina.core.StandardContextValve.invoke(StandardContextValve.java:90)
2023-07-26 19:30:33,575 ERROR [http-nio-8080-exec-7] c.e.c.c.a.ExceptionAdvice [ExceptionAdvice.java:24] org.apache.catalina.authenticator.AuthenticatorBase.invoke(AuthenticatorBase.java:482)
2023-07-26 19:30:33,575 ERROR [http-nio-8080-exec-7] c.e.c.c.a.ExceptionAdvice [ExceptionAdvice.java:24] org.apache.catalina.core.StandardHostValve.invoke(StandardHostValve.java:115)
2023-07-26 19:30:33,575 ERROR [http-nio-8080-exec-7] c.e.c.c.a.ExceptionAdvice [ExceptionAdvice.java:24] org.apache.catalina.valves.ErrorReportValve.invoke(ErrorReportValve.java:93)
2023-07-26 19:30:33,575 ERROR [http-nio-8080-exec-7] c.e.c.c.a.ExceptionAdvice [ExceptionAdvice.java:24] org.apache.catalina.core.StandardEngineValve.invoke(StandardEngineValve.java:74)
2023-07-26 19:30:33,576 ERROR [http-nio-8080-exec-7] c.e.c.c.a.ExceptionAdvice [ExceptionAdvice.java:24] org.apache.catalina.connector.CoyoteAdapter.service(CoyoteAdapter.java:341)
2023-07-26 19:30:33,576 ERROR [http-nio-8080-exec-7] c.e.c.c.a.ExceptionAdvice [ExceptionAdvice.java:24] org.apache.coyote.http11.Http11Processor.service(Http11Processor.java:391)
2023-07-26 19:30:33,577 ERROR [http-nio-8080-exec-7] c.e.c.c.a.ExceptionAdvice [ExceptionAdvice.java:24] org.apache.coyote.AbstractProcessorLight.process(AbstractProcessorLight.java:63)
2023-07-26 19:30:33,577 ERROR [http-nio-8080-exec-7] c.e.c.c.a.ExceptionAdvice [ExceptionAdvice.java:24] org.apache.coyote.AbstractProtocol$ConnectionHandler.process(AbstractProtocol.java:894)
2023-07-26 19:30:33,577 ERROR [http-nio-8080-exec-7] c.e.c.c.a.ExceptionAdvice [ExceptionAdvice.java:24] org.apache.tomcat.util.net.NioEndpoint$SocketProcessor.doRun(NioEndpoint.java:1740)
2023-07-26 19:30:33,577 ERROR [http-nio-8080-exec-7] c.e.c.c.a.ExceptionAdvice [ExceptionAdvice.java:24] org.apache.tomcat.util.net.SocketProcessorBase.run(SocketProcessorBase.java:52)
2023-07-26 19:30:33,577 ERROR [http-nio-8080-exec-7] c.e.c.c.a.ExceptionAdvice [ExceptionAdvice.java:24] org.apache.tomcat.util.threads.ThreadPoolExecutor.runWorker(ThreadPoolExecutor.java:1191)
2023-07-26 19:30:33,577 ERROR [http-nio-8080-exec-7] c.e.c.c.a.ExceptionAdvice [ExceptionAdvice.java:24] org.apache.tomcat.util.threads.ThreadPoolExecutor$Worker.run(ThreadPoolExecutor.java:659)
2023-07-26 19:30:33,577 ERROR [http-nio-8080-exec-7] c.e.c.c.a.ExceptionAdvice [ExceptionAdvice.java:24] org.apache.tomcat.util.threads.TaskThread$WrappingRunnable.run(TaskThread.java:61)
2023-07-26 19:30:33,577 ERROR [http-nio-8080-exec-7] c.e.c.c.a.ExceptionAdvice [ExceptionAdvice.java:24] java.base/java.lang.Thread.run(Thread.java:833)
2023-07-26 19:30:56,324 ERROR [restartedMain] o.a.c.c.AprLifecycleListener [DirectJDKLog.java:173] An incompatible version [1.2.12] of the Apache Tomcat Native library is installed, while Tomcat requires version [1.2.34]
2023-07-26 19:31:13,703 ERROR [http-nio-8080-exec-2] c.e.c.c.a.ExceptionAdvice [ExceptionAdvice.java:22] 服务器发生异常：For input string: "aaa"
2023-07-26 19:31:13,704 ERROR [http-nio-8080-exec-2] c.e.c.c.a.ExceptionAdvice [ExceptionAdvice.java:24] java.base/java.lang.NumberFormatException.forInputString(NumberFormatException.java:67)
2023-07-26 19:31:13,704 ERROR [http-nio-8080-exec-2] c.e.c.c.a.ExceptionAdvice [ExceptionAdvice.java:24] java.base/java.lang.Integer.parseInt(Integer.java:668)
2023-07-26 19:31:13,704 ERROR [http-nio-8080-exec-2] c.e.c.c.a.ExceptionAdvice [ExceptionAdvice.java:24] java.base/java.lang.Integer.valueOf(Integer.java:999)
2023-07-26 19:31:13,704 ERROR [http-nio-8080-exec-2] c.e.c.c.a.ExceptionAdvice [ExceptionAdvice.java:24] com.example.community.controller.MessageController.sendLetter(MessageController.java:116)
2023-07-26 19:31:13,704 ERROR [http-nio-8080-exec-2] c.e.c.c.a.ExceptionAdvice [ExceptionAdvice.java:24] java.base/jdk.internal.reflect.NativeMethodAccessorImpl.invoke0(Native Method)
2023-07-26 19:31:13,704 ERROR [http-nio-8080-exec-2] c.e.c.c.a.ExceptionAdvice [ExceptionAdvice.java:24] java.base/jdk.internal.reflect.NativeMethodAccessorImpl.invoke(NativeMethodAccessorImpl.java:77)
2023-07-26 19:31:13,704 ERROR [http-nio-8080-exec-2] c.e.c.c.a.ExceptionAdvice [ExceptionAdvice.java:24] java.base/jdk.internal.reflect.DelegatingMethodAccessorImpl.invoke(DelegatingMethodAccessorImpl.java:43)
2023-07-26 19:31:13,704 ERROR [http-nio-8080-exec-2] c.e.c.c.a.ExceptionAdvice [ExceptionAdvice.java:24] java.base/java.lang.reflect.Method.invoke(Method.java:568)
2023-07-26 19:31:13,704 ERROR [http-nio-8080-exec-2] c.e.c.c.a.ExceptionAdvice [ExceptionAdvice.java:24] org.springframework.web.method.support.InvocableHandlerMethod.doInvoke(InvocableHandlerMethod.java:205)
2023-07-26 19:31:13,705 ERROR [http-nio-8080-exec-2] c.e.c.c.a.ExceptionAdvice [ExceptionAdvice.java:24] org.springframework.web.method.support.InvocableHandlerMethod.invokeForRequest(InvocableHandlerMethod.java:150)
2023-07-26 19:31:13,705 ERROR [http-nio-8080-exec-2] c.e.c.c.a.ExceptionAdvice [ExceptionAdvice.java:24] org.springframework.web.servlet.mvc.method.annotation.ServletInvocableHandlerMethod.invokeAndHandle(ServletInvocableHandlerMethod.java:118)
2023-07-26 19:31:13,705 ERROR [http-nio-8080-exec-2] c.e.c.c.a.ExceptionAdvice [ExceptionAdvice.java:24] org.springframework.web.servlet.mvc.method.annotation.RequestMappingHandlerAdapter.invokeHandlerMethod(RequestMappingHandlerAdapter.java:884)
2023-07-26 19:31:13,705 ERROR [http-nio-8080-exec-2] c.e.c.c.a.ExceptionAdvice [ExceptionAdvice.java:24] org.springframework.web.servlet.mvc.method.annotation.RequestMappingHandlerAdapter.handleInternal(RequestMappingHandlerAdapter.java:797)
2023-07-26 19:31:13,705 ERROR [http-nio-8080-exec-2] c.e.c.c.a.ExceptionAdvice [ExceptionAdvice.java:24] org.springframework.web.servlet.mvc.method.AbstractHandlerMethodAdapter.handle(AbstractHandlerMethodAdapter.java:87)
2023-07-26 19:31:13,706 ERROR [http-nio-8080-exec-2] c.e.c.c.a.ExceptionAdvice [ExceptionAdvice.java:24] org.springframework.web.servlet.DispatcherServlet.doDispatch(DispatcherServlet.java:1081)
2023-07-26 19:31:13,706 ERROR [http-nio-8080-exec-2] c.e.c.c.a.ExceptionAdvice [ExceptionAdvice.java:24] org.springframework.web.servlet.DispatcherServlet.doService(DispatcherServlet.java:974)
2023-07-26 19:31:13,706 ERROR [http-nio-8080-exec-2] c.e.c.c.a.ExceptionAdvice [ExceptionAdvice.java:24] org.springframework.web.servlet.FrameworkServlet.processRequest(FrameworkServlet.java:1011)
2023-07-26 19:31:13,706 ERROR [http-nio-8080-exec-2] c.e.c.c.a.ExceptionAdvice [ExceptionAdvice.java:24] org.springframework.web.servlet.FrameworkServlet.doPost(FrameworkServlet.java:914)
2023-07-26 19:31:13,707 ERROR [http-nio-8080-exec-2] c.e.c.c.a.ExceptionAdvice [ExceptionAdvice.java:24] jakarta.servlet.http.HttpServlet.service(HttpServlet.java:590)
2023-07-26 19:31:13,707 ERROR [http-nio-8080-exec-2] c.e.c.c.a.ExceptionAdvice [ExceptionAdvice.java:24] org.springframework.web.servlet.FrameworkServlet.service(FrameworkServlet.java:885)
2023-07-26 19:31:13,707 ERROR [http-nio-8080-exec-2] c.e.c.c.a.ExceptionAdvice [ExceptionAdvice.java:24] jakarta.servlet.http.HttpServlet.service(HttpServlet.java:658)
2023-07-26 19:31:13,707 ERROR [http-nio-8080-exec-2] c.e.c.c.a.ExceptionAdvice [ExceptionAdvice.java:24] org.apache.catalina.core.ApplicationFilterChain.internalDoFilter(ApplicationFilterChain.java:205)
2023-07-26 19:31:13,707 ERROR [http-nio-8080-exec-2] c.e.c.c.a.ExceptionAdvice [ExceptionAdvice.java:24] org.apache.catalina.core.ApplicationFilterChain.doFilter(ApplicationFilterChain.java:149)
2023-07-26 19:31:13,707 ERROR [http-nio-8080-exec-2] c.e.c.c.a.ExceptionAdvice [ExceptionAdvice.java:24] org.apache.tomcat.websocket.server.WsFilter.doFilter(WsFilter.java:51)
2023-07-26 19:31:13,707 ERROR [http-nio-8080-exec-2] c.e.c.c.a.ExceptionAdvice [ExceptionAdvice.java:24] org.apache.catalina.core.ApplicationFilterChain.internalDoFilter(ApplicationFilterChain.java:174)
2023-07-26 19:31:13,707 ERROR [http-nio-8080-exec-2] c.e.c.c.a.ExceptionAdvice [ExceptionAdvice.java:24] org.apache.catalina.core.ApplicationFilterChain.doFilter(ApplicationFilterChain.java:149)
2023-07-26 19:31:13,708 ERROR [http-nio-8080-exec-2] c.e.c.c.a.ExceptionAdvice [ExceptionAdvice.java:24] org.springframework.web.filter.RequestContextFilter.doFilterInternal(RequestContextFilter.java:100)
2023-07-26 19:31:13,708 ERROR [http-nio-8080-exec-2] c.e.c.c.a.ExceptionAdvice [ExceptionAdvice.java:24] org.springframework.web.filter.OncePerRequestFilter.doFilter(OncePerRequestFilter.java:116)
2023-07-26 19:31:13,708 ERROR [http-nio-8080-exec-2] c.e.c.c.a.ExceptionAdvice [ExceptionAdvice.java:24] org.apache.catalina.core.ApplicationFilterChain.internalDoFilter(ApplicationFilterChain.java:174)
2023-07-26 19:31:13,708 ERROR [http-nio-8080-exec-2] c.e.c.c.a.ExceptionAdvice [ExceptionAdvice.java:24] org.apache.catalina.core.ApplicationFilterChain.doFilter(ApplicationFilterChain.java:149)
2023-07-26 19:31:13,708 ERROR [http-nio-8080-exec-2] c.e.c.c.a.ExceptionAdvice [ExceptionAdvice.java:24] org.springframework.web.filter.FormContentFilter.doFilterInternal(FormContentFilter.java:93)
2023-07-26 19:31:13,708 ERROR [http-nio-8080-exec-2] c.e.c.c.a.ExceptionAdvice [ExceptionAdvice.java:24] org.springframework.web.filter.OncePerRequestFilter.doFilter(OncePerRequestFilter.java:116)
2023-07-26 19:31:13,708 ERROR [http-nio-8080-exec-2] c.e.c.c.a.ExceptionAdvice [ExceptionAdvice.java:24] org.apache.catalina.core.ApplicationFilterChain.internalDoFilter(ApplicationFilterChain.java:174)
2023-07-26 19:31:13,708 ERROR [http-nio-8080-exec-2] c.e.c.c.a.ExceptionAdvice [ExceptionAdvice.java:24] org.apache.catalina.core.ApplicationFilterChain.doFilter(ApplicationFilterChain.java:149)
2023-07-26 19:31:13,708 ERROR [http-nio-8080-exec-2] c.e.c.c.a.ExceptionAdvice [ExceptionAdvice.java:24] org.springframework.web.filter.CharacterEncodingFilter.doFilterInternal(CharacterEncodingFilter.java:201)
2023-07-26 19:31:13,709 ERROR [http-nio-8080-exec-2] c.e.c.c.a.ExceptionAdvice [ExceptionAdvice.java:24] org.springframework.web.filter.OncePerRequestFilter.doFilter(OncePerRequestFilter.java:116)
2023-07-26 19:31:13,709 ERROR [http-nio-8080-exec-2] c.e.c.c.a.ExceptionAdvice [ExceptionAdvice.java:24] org.apache.catalina.core.ApplicationFilterChain.internalDoFilter(ApplicationFilterChain.java:174)
2023-07-26 19:31:13,709 ERROR [http-nio-8080-exec-2] c.e.c.c.a.ExceptionAdvice [ExceptionAdvice.java:24] org.apache.catalina.core.ApplicationFilterChain.doFilter(ApplicationFilterChain.java:149)
2023-07-26 19:31:13,709 ERROR [http-nio-8080-exec-2] c.e.c.c.a.ExceptionAdvice [ExceptionAdvice.java:24] org.apache.catalina.core.StandardWrapperValve.invoke(StandardWrapperValve.java:166)
2023-07-26 19:31:13,709 ERROR [http-nio-8080-exec-2] c.e.c.c.a.ExceptionAdvice [ExceptionAdvice.java:24] org.apache.catalina.core.StandardContextValve.invoke(StandardContextValve.java:90)
2023-07-26 19:31:13,709 ERROR [http-nio-8080-exec-2] c.e.c.c.a.ExceptionAdvice [ExceptionAdvice.java:24] org.apache.catalina.authenticator.AuthenticatorBase.invoke(AuthenticatorBase.java:482)
2023-07-26 19:31:13,709 ERROR [http-nio-8080-exec-2] c.e.c.c.a.ExceptionAdvice [ExceptionAdvice.java:24] org.apache.catalina.core.StandardHostValve.invoke(StandardHostValve.java:115)
2023-07-26 19:31:13,709 ERROR [http-nio-8080-exec-2] c.e.c.c.a.ExceptionAdvice [ExceptionAdvice.java:24] org.apache.catalina.valves.ErrorReportValve.invoke(ErrorReportValve.java:93)
2023-07-26 19:31:13,709 ERROR [http-nio-8080-exec-2] c.e.c.c.a.ExceptionAdvice [ExceptionAdvice.java:24] org.apache.catalina.core.StandardEngineValve.invoke(StandardEngineValve.java:74)
2023-07-26 19:31:13,709 ERROR [http-nio-8080-exec-2] c.e.c.c.a.ExceptionAdvice [ExceptionAdvice.java:24] org.apache.catalina.connector.CoyoteAdapter.service(CoyoteAdapter.java:341)
2023-07-26 19:31:13,709 ERROR [http-nio-8080-exec-2] c.e.c.c.a.ExceptionAdvice [ExceptionAdvice.java:24] org.apache.coyote.http11.Http11Processor.service(Http11Processor.java:391)
2023-07-26 19:31:13,710 ERROR [http-nio-8080-exec-2] c.e.c.c.a.ExceptionAdvice [ExceptionAdvice.java:24] org.apache.coyote.AbstractProcessorLight.process(AbstractProcessorLight.java:63)
2023-07-26 19:31:13,710 ERROR [http-nio-8080-exec-2] c.e.c.c.a.ExceptionAdvice [ExceptionAdvice.java:24] org.apache.coyote.AbstractProtocol$ConnectionHandler.process(AbstractProtocol.java:894)
2023-07-26 19:31:13,710 ERROR [http-nio-8080-exec-2] c.e.c.c.a.ExceptionAdvice [ExceptionAdvice.java:24] org.apache.tomcat.util.net.NioEndpoint$SocketProcessor.doRun(NioEndpoint.java:1740)
2023-07-26 19:31:13,711 ERROR [http-nio-8080-exec-2] c.e.c.c.a.ExceptionAdvice [ExceptionAdvice.java:24] org.apache.tomcat.util.net.SocketProcessorBase.run(SocketProcessorBase.java:52)
2023-07-26 19:31:13,711 ERROR [http-nio-8080-exec-2] c.e.c.c.a.ExceptionAdvice [ExceptionAdvice.java:24] org.apache.tomcat.util.threads.ThreadPoolExecutor.runWorker(ThreadPoolExecutor.java:1191)
2023-07-26 19:31:13,711 ERROR [http-nio-8080-exec-2] c.e.c.c.a.ExceptionAdvice [ExceptionAdvice.java:24] org.apache.tomcat.util.threads.ThreadPoolExecutor$Worker.run(ThreadPoolExecutor.java:659)
2023-07-26 19:31:13,711 ERROR [http-nio-8080-exec-2] c.e.c.c.a.ExceptionAdvice [ExceptionAdvice.java:24] org.apache.tomcat.util.threads.TaskThread$WrappingRunnable.run(TaskThread.java:61)
2023-07-26 19:31:13,711 ERROR [http-nio-8080-exec-2] c.e.c.c.a.ExceptionAdvice [ExceptionAdvice.java:24] java.base/java.lang.Thread.run(Thread.java:833)
2023-07-26 20:09:15,312 ERROR [restartedMain] o.s.b.SpringApplication [SpringApplication.java:824] Application run failed
org.springframework.context.ApplicationContextException: Unable to start web server
	at org.springframework.boot.web.servlet.context.ServletWebServerApplicationContext.onRefresh(ServletWebServerApplicationContext.java:164)
	at org.springframework.context.support.AbstractApplicationContext.refresh(AbstractApplicationContext.java:602)
	at org.springframework.boot.web.servlet.context.ServletWebServerApplicationContext.refresh(ServletWebServerApplicationContext.java:146)
	at org.springframework.boot.SpringApplication.refresh(SpringApplication.java:734)
	at org.springframework.boot.SpringApplication.refreshContext(SpringApplication.java:436)
	at org.springframework.boot.SpringApplication.run(SpringApplication.java:312)
	at org.springframework.boot.SpringApplication.run(SpringApplication.java:1306)
	at org.springframework.boot.SpringApplication.run(SpringApplication.java:1295)
	at com.example.community.CommunityApplication.main(CommunityApplication.java:10)
	at java.base/jdk.internal.reflect.NativeMethodAccessorImpl.invoke0(Native Method)
	at java.base/jdk.internal.reflect.NativeMethodAccessorImpl.invoke(NativeMethodAccessorImpl.java:77)
	at java.base/jdk.internal.reflect.DelegatingMethodAccessorImpl.invoke(DelegatingMethodAccessorImpl.java:43)
	at java.base/java.lang.reflect.Method.invoke(Method.java:568)
	at org.springframework.boot.devtools.restart.RestartLauncher.run(RestartLauncher.java:50)
Caused by: org.springframework.beans.factory.BeanCreationException: Error creating bean with name 'tomcatServletWebServerFactory' defined in class path resource [org/springframework/boot/autoconfigure/web/servlet/ServletWebServerFactoryConfiguration$EmbeddedTomcat.class]: BeanPostProcessor before instantiation of bean failed
	at org.springframework.beans.factory.support.AbstractAutowireCapableBeanFactory.createBean(AbstractAutowireCapableBeanFactory.java:515)
	at org.springframework.beans.factory.support.AbstractBeanFactory.lambda$doGetBean$0(AbstractBeanFactory.java:326)
	at org.springframework.beans.factory.support.DefaultSingletonBeanRegistry.getSingleton(DefaultSingletonBeanRegistry.java:234)
	at org.springframework.beans.factory.support.AbstractBeanFactory.doGetBean(AbstractBeanFactory.java:324)
	at org.springframework.beans.factory.support.AbstractBeanFactory.getBean(AbstractBeanFactory.java:205)
	at org.springframework.boot.web.servlet.context.ServletWebServerApplicationContext.getWebServerFactory(ServletWebServerApplicationContext.java:218)
	at org.springframework.boot.web.servlet.context.ServletWebServerApplicationContext.createWebServer(ServletWebServerApplicationContext.java:181)
	at org.springframework.boot.web.servlet.context.ServletWebServerApplicationContext.onRefresh(ServletWebServerApplicationContext.java:161)
	... 13 common frames omitted
Caused by: org.springframework.beans.factory.BeanCreationException: Error creating bean with name 'org.springframework.transaction.annotation.ProxyTransactionManagementConfiguration': warning no match for this type name: com.example.community.service [Xlint:invalidAbsoluteTypeName]
	at org.springframework.beans.factory.support.AbstractAutowireCapableBeanFactory.doCreateBean(AbstractAutowireCapableBeanFactory.java:605)
	at org.springframework.beans.factory.support.AbstractAutowireCapableBeanFactory.createBean(AbstractAutowireCapableBeanFactory.java:520)
	at org.springframework.beans.factory.support.AbstractBeanFactory.lambda$doGetBean$0(AbstractBeanFactory.java:326)
	at org.springframework.beans.factory.support.DefaultSingletonBeanRegistry.getSingleton(DefaultSingletonBeanRegistry.java:234)
	at org.springframework.beans.factory.support.AbstractBeanFactory.doGetBean(AbstractBeanFactory.java:324)
	at org.springframework.beans.factory.support.AbstractBeanFactory.getBean(AbstractBeanFactory.java:200)
	at org.springframework.beans.factory.support.ConstructorResolver.instantiateUsingFactoryMethod(ConstructorResolver.java:417)
	at org.springframework.beans.factory.support.AbstractAutowireCapableBeanFactory.instantiateUsingFactoryMethod(AbstractAutowireCapableBeanFactory.java:1332)
	at org.springframework.beans.factory.support.AbstractAutowireCapableBeanFactory.createBeanInstance(AbstractAutowireCapableBeanFactory.java:1162)
	at org.springframework.beans.factory.support.AbstractAutowireCapableBeanFactory.doCreateBean(AbstractAutowireCapableBeanFactory.java:560)
	at org.springframework.beans.factory.support.AbstractAutowireCapableBeanFactory.createBean(AbstractAutowireCapableBeanFactory.java:520)
	at org.springframework.beans.factory.support.AbstractBeanFactory.lambda$doGetBean$0(AbstractBeanFactory.java:326)
	at org.springframework.beans.factory.support.DefaultSingletonBeanRegistry.getSingleton(DefaultSingletonBeanRegistry.java:234)
	at org.springframework.beans.factory.support.AbstractBeanFactory.doGetBean(AbstractBeanFactory.java:324)
	at org.springframework.beans.factory.support.AbstractBeanFactory.getBean(AbstractBeanFactory.java:205)
	at org.springframework.aop.framework.autoproxy.BeanFactoryAdvisorRetrievalHelper.findAdvisorBeans(BeanFactoryAdvisorRetrievalHelper.java:91)
	at org.springframework.aop.framework.autoproxy.AbstractAdvisorAutoProxyCreator.findCandidateAdvisors(AbstractAdvisorAutoProxyCreator.java:111)
	at org.springframework.aop.aspectj.annotation.AnnotationAwareAspectJAutoProxyCreator.findCandidateAdvisors(AnnotationAwareAspectJAutoProxyCreator.java:92)
	at org.springframework.aop.aspectj.autoproxy.AspectJAwareAdvisorAutoProxyCreator.shouldSkip(AspectJAwareAdvisorAutoProxyCreator.java:101)
	at org.springframework.aop.framework.autoproxy.AbstractAutoProxyCreator.postProcessBeforeInstantiation(AbstractAutoProxyCreator.java:280)
	at org.springframework.beans.factory.support.AbstractAutowireCapableBeanFactory.applyBeanPostProcessorsBeforeInstantiation(AbstractAutowireCapableBeanFactory.java:1127)
	at org.springframework.beans.factory.support.AbstractAutowireCapableBeanFactory.resolveBeforeInstantiation(AbstractAutowireCapableBeanFactory.java:1102)
	at org.springframework.beans.factory.support.AbstractAutowireCapableBeanFactory.createBean(AbstractAutowireCapableBeanFactory.java:509)
	... 20 common frames omitted
Caused by: java.lang.IllegalArgumentException: warning no match for this type name: com.example.community.service [Xlint:invalidAbsoluteTypeName]
	at org.aspectj.weaver.tools.PointcutParser.parsePointcutExpression(PointcutParser.java:319)
	at org.springframework.aop.aspectj.AspectJExpressionPointcut.buildPointcutExpression(AspectJExpressionPointcut.java:222)
	at org.springframework.aop.aspectj.AspectJExpressionPointcut.obtainPointcutExpression(AspectJExpressionPointcut.java:193)
	at org.springframework.aop.aspectj.AspectJExpressionPointcut.getClassFilter(AspectJExpressionPointcut.java:172)
	at org.springframework.aop.support.AopUtils.canApply(AopUtils.java:226)
	at org.springframework.aop.support.AopUtils.canApply(AopUtils.java:288)
	at org.springframework.aop.support.AopUtils.findAdvisorsThatCanApply(AopUtils.java:320)
	at org.springframework.aop.framework.autoproxy.AbstractAdvisorAutoProxyCreator.findAdvisorsThatCanApply(AbstractAdvisorAutoProxyCreator.java:128)
	at org.springframework.aop.framework.autoproxy.AbstractAdvisorAutoProxyCreator.findEligibleAdvisors(AbstractAdvisorAutoProxyCreator.java:97)
	at org.springframework.aop.framework.autoproxy.AbstractAdvisorAutoProxyCreator.getAdvicesAndAdvisorsForBean(AbstractAdvisorAutoProxyCreator.java:78)
	at org.springframework.aop.framework.autoproxy.AbstractAutoProxyCreator.wrapIfNecessary(AbstractAutoProxyCreator.java:366)
	at org.springframework.aop.framework.autoproxy.AbstractAutoProxyCreator.postProcessAfterInitialization(AbstractAutoProxyCreator.java:318)
	at org.springframework.beans.factory.support.AbstractAutowireCapableBeanFactory.applyBeanPostProcessorsAfterInitialization(AbstractAutowireCapableBeanFactory.java:434)
	at org.springframework.beans.factory.support.AbstractAutowireCapableBeanFactory.initializeBean(AbstractAutowireCapableBeanFactory.java:1773)
	at org.springframework.beans.factory.support.AbstractAutowireCapableBeanFactory.doCreateBean(AbstractAutowireCapableBeanFactory.java:598)
	... 42 common frames omitted
2023-07-26 20:10:40,432 ERROR [restartedMain] o.s.b.SpringApplication [SpringApplication.java:824] Application run failed
org.springframework.context.ApplicationContextException: Unable to start web server
	at org.springframework.boot.web.servlet.context.ServletWebServerApplicationContext.onRefresh(ServletWebServerApplicationContext.java:164)
	at org.springframework.context.support.AbstractApplicationContext.refresh(AbstractApplicationContext.java:602)
	at org.springframework.boot.web.servlet.context.ServletWebServerApplicationContext.refresh(ServletWebServerApplicationContext.java:146)
	at org.springframework.boot.SpringApplication.refresh(SpringApplication.java:734)
	at org.springframework.boot.SpringApplication.refreshContext(SpringApplication.java:436)
	at org.springframework.boot.SpringApplication.run(SpringApplication.java:312)
	at org.springframework.boot.SpringApplication.run(SpringApplication.java:1306)
	at org.springframework.boot.SpringApplication.run(SpringApplication.java:1295)
	at com.example.community.CommunityApplication.main(CommunityApplication.java:10)
	at java.base/jdk.internal.reflect.NativeMethodAccessorImpl.invoke0(Native Method)
	at java.base/jdk.internal.reflect.NativeMethodAccessorImpl.invoke(NativeMethodAccessorImpl.java:77)
	at java.base/jdk.internal.reflect.DelegatingMethodAccessorImpl.invoke(DelegatingMethodAccessorImpl.java:43)
	at java.base/java.lang.reflect.Method.invoke(Method.java:568)
	at org.springframework.boot.devtools.restart.RestartLauncher.run(RestartLauncher.java:50)
Caused by: org.springframework.beans.factory.BeanCreationException: Error creating bean with name 'tomcatServletWebServerFactory' defined in class path resource [org/springframework/boot/autoconfigure/web/servlet/ServletWebServerFactoryConfiguration$EmbeddedTomcat.class]: BeanPostProcessor before instantiation of bean failed
	at org.springframework.beans.factory.support.AbstractAutowireCapableBeanFactory.createBean(AbstractAutowireCapableBeanFactory.java:515)
	at org.springframework.beans.factory.support.AbstractBeanFactory.lambda$doGetBean$0(AbstractBeanFactory.java:326)
	at org.springframework.beans.factory.support.DefaultSingletonBeanRegistry.getSingleton(DefaultSingletonBeanRegistry.java:234)
	at org.springframework.beans.factory.support.AbstractBeanFactory.doGetBean(AbstractBeanFactory.java:324)
	at org.springframework.beans.factory.support.AbstractBeanFactory.getBean(AbstractBeanFactory.java:205)
	at org.springframework.boot.web.servlet.context.ServletWebServerApplicationContext.getWebServerFactory(ServletWebServerApplicationContext.java:218)
	at org.springframework.boot.web.servlet.context.ServletWebServerApplicationContext.createWebServer(ServletWebServerApplicationContext.java:181)
	at org.springframework.boot.web.servlet.context.ServletWebServerApplicationContext.onRefresh(ServletWebServerApplicationContext.java:161)
	... 13 common frames omitted
Caused by: org.springframework.beans.factory.BeanCreationException: Error creating bean with name 'org.springframework.transaction.annotation.ProxyTransactionManagementConfiguration': warning no match for this type name: com.example.community.service [Xlint:invalidAbsoluteTypeName]
	at org.springframework.beans.factory.support.AbstractAutowireCapableBeanFactory.doCreateBean(AbstractAutowireCapableBeanFactory.java:605)
	at org.springframework.beans.factory.support.AbstractAutowireCapableBeanFactory.createBean(AbstractAutowireCapableBeanFactory.java:520)
	at org.springframework.beans.factory.support.AbstractBeanFactory.lambda$doGetBean$0(AbstractBeanFactory.java:326)
	at org.springframework.beans.factory.support.DefaultSingletonBeanRegistry.getSingleton(DefaultSingletonBeanRegistry.java:234)
	at org.springframework.beans.factory.support.AbstractBeanFactory.doGetBean(AbstractBeanFactory.java:324)
	at org.springframework.beans.factory.support.AbstractBeanFactory.getBean(AbstractBeanFactory.java:200)
	at org.springframework.beans.factory.support.ConstructorResolver.instantiateUsingFactoryMethod(ConstructorResolver.java:417)
	at org.springframework.beans.factory.support.AbstractAutowireCapableBeanFactory.instantiateUsingFactoryMethod(AbstractAutowireCapableBeanFactory.java:1332)
	at org.springframework.beans.factory.support.AbstractAutowireCapableBeanFactory.createBeanInstance(AbstractAutowireCapableBeanFactory.java:1162)
	at org.springframework.beans.factory.support.AbstractAutowireCapableBeanFactory.doCreateBean(AbstractAutowireCapableBeanFactory.java:560)
	at org.springframework.beans.factory.support.AbstractAutowireCapableBeanFactory.createBean(AbstractAutowireCapableBeanFactory.java:520)
	at org.springframework.beans.factory.support.AbstractBeanFactory.lambda$doGetBean$0(AbstractBeanFactory.java:326)
	at org.springframework.beans.factory.support.DefaultSingletonBeanRegistry.getSingleton(DefaultSingletonBeanRegistry.java:234)
	at org.springframework.beans.factory.support.AbstractBeanFactory.doGetBean(AbstractBeanFactory.java:324)
	at org.springframework.beans.factory.support.AbstractBeanFactory.getBean(AbstractBeanFactory.java:205)
	at org.springframework.aop.framework.autoproxy.BeanFactoryAdvisorRetrievalHelper.findAdvisorBeans(BeanFactoryAdvisorRetrievalHelper.java:91)
	at org.springframework.aop.framework.autoproxy.AbstractAdvisorAutoProxyCreator.findCandidateAdvisors(AbstractAdvisorAutoProxyCreator.java:111)
	at org.springframework.aop.aspectj.annotation.AnnotationAwareAspectJAutoProxyCreator.findCandidateAdvisors(AnnotationAwareAspectJAutoProxyCreator.java:92)
	at org.springframework.aop.aspectj.autoproxy.AspectJAwareAdvisorAutoProxyCreator.shouldSkip(AspectJAwareAdvisorAutoProxyCreator.java:101)
	at org.springframework.aop.framework.autoproxy.AbstractAutoProxyCreator.postProcessBeforeInstantiation(AbstractAutoProxyCreator.java:280)
	at org.springframework.beans.factory.support.AbstractAutowireCapableBeanFactory.applyBeanPostProcessorsBeforeInstantiation(AbstractAutowireCapableBeanFactory.java:1127)
	at org.springframework.beans.factory.support.AbstractAutowireCapableBeanFactory.resolveBeforeInstantiation(AbstractAutowireCapableBeanFactory.java:1102)
	at org.springframework.beans.factory.support.AbstractAutowireCapableBeanFactory.createBean(AbstractAutowireCapableBeanFactory.java:509)
	... 20 common frames omitted
Caused by: java.lang.IllegalArgumentException: warning no match for this type name: com.example.community.service [Xlint:invalidAbsoluteTypeName]
	at org.aspectj.weaver.tools.PointcutParser.parsePointcutExpression(PointcutParser.java:319)
	at org.springframework.aop.aspectj.AspectJExpressionPointcut.buildPointcutExpression(AspectJExpressionPointcut.java:222)
	at org.springframework.aop.aspectj.AspectJExpressionPointcut.obtainPointcutExpression(AspectJExpressionPointcut.java:193)
	at org.springframework.aop.aspectj.AspectJExpressionPointcut.getClassFilter(AspectJExpressionPointcut.java:172)
	at org.springframework.aop.support.AopUtils.canApply(AopUtils.java:226)
	at org.springframework.aop.support.AopUtils.canApply(AopUtils.java:288)
	at org.springframework.aop.support.AopUtils.findAdvisorsThatCanApply(AopUtils.java:320)
	at org.springframework.aop.framework.autoproxy.AbstractAdvisorAutoProxyCreator.findAdvisorsThatCanApply(AbstractAdvisorAutoProxyCreator.java:128)
	at org.springframework.aop.framework.autoproxy.AbstractAdvisorAutoProxyCreator.findEligibleAdvisors(AbstractAdvisorAutoProxyCreator.java:97)
	at org.springframework.aop.framework.autoproxy.AbstractAdvisorAutoProxyCreator.getAdvicesAndAdvisorsForBean(AbstractAdvisorAutoProxyCreator.java:78)
	at org.springframework.aop.framework.autoproxy.AbstractAutoProxyCreator.wrapIfNecessary(AbstractAutoProxyCreator.java:366)
	at org.springframework.aop.framework.autoproxy.AbstractAutoProxyCreator.postProcessAfterInitialization(AbstractAutoProxyCreator.java:318)
	at org.springframework.beans.factory.support.AbstractAutowireCapableBeanFactory.applyBeanPostProcessorsAfterInitialization(AbstractAutowireCapableBeanFactory.java:434)
	at org.springframework.beans.factory.support.AbstractAutowireCapableBeanFactory.initializeBean(AbstractAutowireCapableBeanFactory.java:1773)
	at org.springframework.beans.factory.support.AbstractAutowireCapableBeanFactory.doCreateBean(AbstractAutowireCapableBeanFactory.java:598)
	... 42 common frames omitted
2023-07-26 20:11:28,650 ERROR [restartedMain] o.a.c.c.AprLifecycleListener [DirectJDKLog.java:173] An incompatible version [1.2.12] of the Apache Tomcat Native library is installed, while Tomcat requires version [1.2.34]
