2023-07-25 09:17:23,878 INFO [restartedMain] c.e.c.CommunityApplication [StartupInfoLogger.java:51] Starting CommunityApplication using Java 17.0.7 with PID 3580 (E:\IDEA workplace\test\Community\target\classes started by HP in E:\IDEA workplace\test\Community)
2023-07-25 09:17:23,884 INFO [restartedMain] c.e.c.CommunityApplication [SpringApplication.java:634] No active profile set, falling back to 1 default profile: "default"
2023-07-25 09:17:23,937 INFO [restartedMain] o.s.b.d.e.DevToolsPropertyDefaultsPostProcessor [DeferredLog.java:250] Devtools property defaults active! Set 'spring.devtools.add-properties' to 'false' to disable
2023-07-25 09:17:23,937 INFO [restartedMain] o.s.b.d.e.DevToolsPropertyDefaultsPostProcessor [DeferredLog.java:250] For additional web related logging consider setting the 'logging.level.web' property to 'DEBUG'
2023-07-25 09:17:25,067 INFO [restartedMain] o.s.b.w.e.t.TomcatWebServer [TomcatWebServer.java:108] Tomcat initialized with port(s): 8080 (http)
2023-07-25 09:17:25,078 INFO [restartedMain] o.a.c.h.Http11NioProtocol [DirectJDKLog.java:173] Initializing ProtocolHandler ["http-nio-8080"]
2023-07-25 09:17:25,081 INFO [restartedMain] o.a.c.c.StandardService [DirectJDKLog.java:173] Starting service [Tomcat]
2023-07-25 09:17:25,082 INFO [restartedMain] o.a.c.c.StandardEngine [DirectJDKLog.java:173] Starting Servlet engine: [Apache Tomcat/10.1.11]
2023-07-25 09:17:25,139 INFO [restartedMain] o.a.c.c.C.[.[.[/community] [DirectJDKLog.java:173] Initializing Spring embedded WebApplicationContext
2023-07-25 09:17:25,140 INFO [restartedMain] o.s.b.w.s.c.ServletWebServerApplicationContext [ServletWebServerApplicationContext.java:291] Root WebApplicationContext: initialization completed in 1199 ms
2023-07-25 09:17:25,620 INFO [restartedMain] o.s.b.a.w.s.WelcomePageHandlerMapping [WelcomePageHandlerMapping.java:57] Adding welcome page template: index
2023-07-25 09:17:25,772 INFO [restartedMain] o.s.b.d.a.OptionalLiveReloadServer [OptionalLiveReloadServer.java:59] LiveReload server is running on port 35729
2023-07-25 09:17:25,787 INFO [restartedMain] o.a.c.h.Http11NioProtocol [DirectJDKLog.java:173] Starting ProtocolHandler ["http-nio-8080"]
2023-07-25 09:17:25,811 INFO [restartedMain] o.s.b.w.e.t.TomcatWebServer [TomcatWebServer.java:220] Tomcat started on port(s): 8080 (http) with context path '/community'
2023-07-25 09:17:25,824 INFO [restartedMain] c.e.c.CommunityApplication [StartupInfoLogger.java:57] Started CommunityApplication in 2.523 seconds (process running for 3.301)
2023-07-25 09:17:34,699 INFO [http-nio-8080-exec-1] o.a.c.c.C.[.[.[/community] [DirectJDKLog.java:173] Initializing Spring DispatcherServlet 'dispatcherServlet'
2023-07-25 09:17:34,699 INFO [http-nio-8080-exec-1] o.s.w.s.DispatcherServlet [FrameworkServlet.java:532] Initializing Servlet 'dispatcherServlet'
2023-07-25 09:17:34,700 INFO [http-nio-8080-exec-1] o.s.w.s.DispatcherServlet [FrameworkServlet.java:554] Completed initialization in 1 ms
2023-07-25 09:17:34,755 INFO [http-nio-8080-exec-1] c.z.h.HikariDataSource [HikariDataSource.java:110] HikariPool-1 - Starting...
2023-07-25 09:17:34,889 INFO [http-nio-8080-exec-1] c.z.h.p.HikariPool [HikariPool.java:565] HikariPool-1 - Added connection com.mysql.cj.jdbc.ConnectionImpl@3e56a2c8
2023-07-25 09:17:34,890 INFO [http-nio-8080-exec-1] c.z.h.HikariDataSource [HikariDataSource.java:123] HikariPool-1 - Start completed.
2023-07-25 09:18:13,921 INFO [SpringApplicationShutdownHook] c.z.h.HikariDataSource [HikariDataSource.java:350] HikariPool-1 - Shutdown initiated...
2023-07-25 09:18:13,929 INFO [SpringApplicationShutdownHook] c.z.h.HikariDataSource [HikariDataSource.java:352] HikariPool-1 - Shutdown completed.
2023-07-25 10:02:12,297 INFO [main] c.e.c.CommunityApplicationTests [StartupInfoLogger.java:51] Starting CommunityApplicationTests using Java 17.0.7 with PID 1676 (started by HP in E:\IDEA workplace\test\Community)
2023-07-25 10:02:12,300 INFO [main] c.e.c.CommunityApplicationTests [SpringApplication.java:634] No active profile set, falling back to 1 default profile: "default"
2023-07-25 10:02:13,964 INFO [main] o.s.b.a.w.s.WelcomePageHandlerMapping [WelcomePageHandlerMapping.java:57] Adding welcome page template: index
2023-07-25 10:02:14,160 INFO [main] c.e.c.CommunityApplicationTests [StartupInfoLogger.java:57] Started CommunityApplicationTests in 2.266 seconds (process running for 3.168)
2023-07-25 10:02:16,954 INFO [main] c.z.h.HikariDataSource [HikariDataSource.java:110] HikariPool-1 - Starting...
2023-07-25 10:02:17,127 INFO [main] c.z.h.p.HikariPool [HikariPool.java:565] HikariPool-1 - Added connection com.mysql.cj.jdbc.ConnectionImpl@2e40ea48
2023-07-25 10:02:17,130 INFO [main] c.z.h.HikariDataSource [HikariDataSource.java:123] HikariPool-1 - Start completed.
2023-07-25 10:02:17,365 INFO [SpringApplicationShutdownHook] c.z.h.HikariDataSource [HikariDataSource.java:350] HikariPool-1 - Shutdown initiated...
2023-07-25 10:02:17,374 INFO [SpringApplicationShutdownHook] c.z.h.HikariDataSource [HikariDataSource.java:352] HikariPool-1 - Shutdown completed.
2023-07-25 15:30:22,185 INFO [main] c.e.c.SensitiveTest [StartupInfoLogger.java:51] Starting SensitiveTest using Java 17.0.7 with PID 5632 (started by HP in E:\IDEA workplace\test\Community)
2023-07-25 15:30:22,188 INFO [main] c.e.c.SensitiveTest [SpringApplication.java:634] No active profile set, falling back to 1 default profile: "default"
2023-07-25 15:30:24,067 INFO [main] o.s.b.a.w.s.WelcomePageHandlerMapping [WelcomePageHandlerMapping.java:57] Adding welcome page template: index
2023-07-25 15:30:24,317 INFO [main] c.e.c.SensitiveTest [StartupInfoLogger.java:57] Started SensitiveTest in 2.611 seconds (process running for 3.946)
2023-07-25 15:31:00,276 INFO [main] c.e.c.SensitiveTest [StartupInfoLogger.java:51] Starting SensitiveTest using Java 17.0.7 with PID 10976 (started by HP in E:\IDEA workplace\test\Community)
2023-07-25 15:31:00,279 INFO [main] c.e.c.SensitiveTest [SpringApplication.java:634] No active profile set, falling back to 1 default profile: "default"
2023-07-25 15:31:02,163 INFO [main] o.s.b.a.w.s.WelcomePageHandlerMapping [WelcomePageHandlerMapping.java:57] Adding welcome page template: index
2023-07-25 15:31:02,390 INFO [main] c.e.c.SensitiveTest [StartupInfoLogger.java:57] Started SensitiveTest in 2.603 seconds (process running for 3.839)
2023-07-25 15:31:57,045 INFO [main] c.e.c.SensitiveTest [StartupInfoLogger.java:51] Starting SensitiveTest using Java 17.0.7 with PID 2472 (started by HP in E:\IDEA workplace\test\Community)
2023-07-25 15:31:57,048 INFO [main] c.e.c.SensitiveTest [SpringApplication.java:634] No active profile set, falling back to 1 default profile: "default"
2023-07-25 15:31:58,595 INFO [main] o.s.b.a.w.s.WelcomePageHandlerMapping [WelcomePageHandlerMapping.java:57] Adding welcome page template: index
2023-07-25 15:31:58,802 INFO [main] c.e.c.SensitiveTest [StartupInfoLogger.java:57] Started SensitiveTest in 2.198 seconds (process running for 3.117)
2023-07-25 16:25:07,794 INFO [main] c.e.c.SensitiveTest [StartupInfoLogger.java:51] Starting SensitiveTest using Java 17.0.7 with PID 13284 (started by HP in E:\IDEA workplace\test\Community)
2023-07-25 16:25:07,798 INFO [main] c.e.c.SensitiveTest [SpringApplication.java:634] No active profile set, falling back to 1 default profile: "default"
2023-07-25 16:25:09,753 INFO [main] o.s.b.a.w.s.WelcomePageHandlerMapping [WelcomePageHandlerMapping.java:57] Adding welcome page template: index
2023-07-25 16:25:09,988 INFO [main] c.e.c.SensitiveTest [StartupInfoLogger.java:57] Started SensitiveTest in 3.004 seconds (process running for 4.708)
2023-07-25 16:27:34,737 INFO [restartedMain] c.e.c.CommunityApplication [StartupInfoLogger.java:51] Starting CommunityApplication using Java 17.0.7 with PID 14120 (E:\IDEA workplace\test\Community\target\classes started by HP in E:\IDEA workplace\test\Community)
2023-07-25 16:27:34,739 INFO [restartedMain] c.e.c.CommunityApplication [SpringApplication.java:634] No active profile set, falling back to 1 default profile: "default"
2023-07-25 16:27:34,777 INFO [restartedMain] o.s.b.d.e.DevToolsPropertyDefaultsPostProcessor [DeferredLog.java:250] Devtools property defaults active! Set 'spring.devtools.add-properties' to 'false' to disable
2023-07-25 16:27:34,777 INFO [restartedMain] o.s.b.d.e.DevToolsPropertyDefaultsPostProcessor [DeferredLog.java:250] For additional web related logging consider setting the 'logging.level.web' property to 'DEBUG'
2023-07-25 16:27:35,621 INFO [restartedMain] o.s.b.w.e.t.TomcatWebServer [TomcatWebServer.java:108] Tomcat initialized with port(s): 8080 (http)
2023-07-25 16:27:35,627 INFO [restartedMain] o.a.c.h.Http11NioProtocol [DirectJDKLog.java:173] Initializing ProtocolHandler ["http-nio-8080"]
2023-07-25 16:27:35,628 INFO [restartedMain] o.a.c.c.StandardService [DirectJDKLog.java:173] Starting service [Tomcat]
2023-07-25 16:27:35,629 INFO [restartedMain] o.a.c.c.StandardEngine [DirectJDKLog.java:173] Starting Servlet engine: [Apache Tomcat/10.1.11]
2023-07-25 16:27:35,684 INFO [restartedMain] o.a.c.c.C.[.[.[/community] [DirectJDKLog.java:173] Initializing Spring embedded WebApplicationContext
2023-07-25 16:27:35,684 INFO [restartedMain] o.s.b.w.s.c.ServletWebServerApplicationContext [ServletWebServerApplicationContext.java:291] Root WebApplicationContext: initialization completed in 906 ms
2023-07-25 16:27:36,059 INFO [restartedMain] o.s.b.a.w.s.WelcomePageHandlerMapping [WelcomePageHandlerMapping.java:57] Adding welcome page template: index
2023-07-25 16:27:36,183 INFO [restartedMain] o.s.b.d.a.OptionalLiveReloadServer [OptionalLiveReloadServer.java:59] LiveReload server is running on port 35729
2023-07-25 16:27:36,196 INFO [restartedMain] o.a.c.h.Http11NioProtocol [DirectJDKLog.java:173] Starting ProtocolHandler ["http-nio-8080"]
2023-07-25 16:27:36,210 INFO [restartedMain] o.s.b.w.e.t.TomcatWebServer [TomcatWebServer.java:220] Tomcat started on port(s): 8080 (http) with context path '/community'
2023-07-25 16:27:36,218 INFO [restartedMain] c.e.c.CommunityApplication [StartupInfoLogger.java:57] Started CommunityApplication in 1.894 seconds (process running for 2.496)
2023-07-25 16:27:45,570 INFO [http-nio-8080-exec-1] o.a.c.c.C.[.[.[/community] [DirectJDKLog.java:173] Initializing Spring DispatcherServlet 'dispatcherServlet'
2023-07-25 16:27:45,571 INFO [http-nio-8080-exec-1] o.s.w.s.DispatcherServlet [FrameworkServlet.java:532] Initializing Servlet 'dispatcherServlet'
2023-07-25 16:27:45,572 INFO [http-nio-8080-exec-1] o.s.w.s.DispatcherServlet [FrameworkServlet.java:554] Completed initialization in 1 ms
2023-07-25 16:27:45,634 INFO [http-nio-8080-exec-1] c.z.h.HikariDataSource [HikariDataSource.java:110] HikariPool-1 - Starting...
2023-07-25 16:27:45,757 INFO [http-nio-8080-exec-1] c.z.h.p.HikariPool [HikariPool.java:565] HikariPool-1 - Added connection com.mysql.cj.jdbc.ConnectionImpl@40e55a30
2023-07-25 16:27:45,759 INFO [http-nio-8080-exec-1] c.z.h.HikariDataSource [HikariDataSource.java:123] HikariPool-1 - Start completed.
2023-07-25 16:30:13,001 INFO [SpringApplicationShutdownHook] c.z.h.HikariDataSource [HikariDataSource.java:350] HikariPool-1 - Shutdown initiated...
2023-07-25 16:30:13,008 INFO [SpringApplicationShutdownHook] c.z.h.HikariDataSource [HikariDataSource.java:352] HikariPool-1 - Shutdown completed.
2023-07-25 16:30:23,061 INFO [restartedMain] c.e.c.CommunityApplication [StartupInfoLogger.java:51] Starting CommunityApplication using Java 17.0.7 with PID 7900 (E:\IDEA workplace\test\Community\target\classes started by HP in E:\IDEA workplace\test\Community)
2023-07-25 16:30:23,062 INFO [restartedMain] c.e.c.CommunityApplication [SpringApplication.java:634] No active profile set, falling back to 1 default profile: "default"
2023-07-25 16:30:23,144 INFO [restartedMain] o.s.b.d.e.DevToolsPropertyDefaultsPostProcessor [DeferredLog.java:250] Devtools property defaults active! Set 'spring.devtools.add-properties' to 'false' to disable
2023-07-25 16:30:23,147 INFO [restartedMain] o.s.b.d.e.DevToolsPropertyDefaultsPostProcessor [DeferredLog.java:250] For additional web related logging consider setting the 'logging.level.web' property to 'DEBUG'
2023-07-25 16:30:24,191 INFO [restartedMain] o.s.b.w.e.t.TomcatWebServer [TomcatWebServer.java:108] Tomcat initialized with port(s): 8080 (http)
2023-07-25 16:30:24,197 INFO [restartedMain] o.a.c.h.Http11NioProtocol [DirectJDKLog.java:173] Initializing ProtocolHandler ["http-nio-8080"]
2023-07-25 16:30:24,198 INFO [restartedMain] o.a.c.c.StandardService [DirectJDKLog.java:173] Starting service [Tomcat]
2023-07-25 16:30:24,199 INFO [restartedMain] o.a.c.c.StandardEngine [DirectJDKLog.java:173] Starting Servlet engine: [Apache Tomcat/10.1.11]
2023-07-25 16:30:24,244 INFO [restartedMain] o.a.c.c.C.[.[.[/community] [DirectJDKLog.java:173] Initializing Spring embedded WebApplicationContext
2023-07-25 16:30:24,244 INFO [restartedMain] o.s.b.w.s.c.ServletWebServerApplicationContext [ServletWebServerApplicationContext.java:291] Root WebApplicationContext: initialization completed in 1096 ms
2023-07-25 16:30:24,605 INFO [restartedMain] o.s.b.a.w.s.WelcomePageHandlerMapping [WelcomePageHandlerMapping.java:57] Adding welcome page template: index
2023-07-25 16:30:24,724 INFO [restartedMain] o.s.b.d.a.OptionalLiveReloadServer [OptionalLiveReloadServer.java:59] LiveReload server is running on port 35729
2023-07-25 16:30:24,737 INFO [restartedMain] o.a.c.h.Http11NioProtocol [DirectJDKLog.java:173] Starting ProtocolHandler ["http-nio-8080"]
2023-07-25 16:30:24,752 INFO [restartedMain] o.s.b.w.e.t.TomcatWebServer [TomcatWebServer.java:220] Tomcat started on port(s): 8080 (http) with context path '/community'
2023-07-25 16:30:24,759 INFO [restartedMain] c.e.c.CommunityApplication [StartupInfoLogger.java:57] Started CommunityApplication in 2.308 seconds (process running for 2.833)
2023-07-25 16:30:25,670 INFO [http-nio-8080-exec-1] o.a.c.c.C.[.[.[/community] [DirectJDKLog.java:173] Initializing Spring DispatcherServlet 'dispatcherServlet'
2023-07-25 16:30:25,670 INFO [http-nio-8080-exec-1] o.s.w.s.DispatcherServlet [FrameworkServlet.java:532] Initializing Servlet 'dispatcherServlet'
2023-07-25 16:30:25,671 INFO [http-nio-8080-exec-1] o.s.w.s.DispatcherServlet [FrameworkServlet.java:554] Completed initialization in 0 ms
2023-07-25 16:30:51,684 INFO [restartedMain] c.e.c.CommunityApplication [StartupInfoLogger.java:51] Starting CommunityApplication using Java 17.0.7 with PID 1840 (E:\IDEA workplace\test\Community\target\classes started by HP in E:\IDEA workplace\test\Community)
2023-07-25 16:30:51,686 INFO [restartedMain] c.e.c.CommunityApplication [SpringApplication.java:634] No active profile set, falling back to 1 default profile: "default"
2023-07-25 16:30:51,722 INFO [restartedMain] o.s.b.d.e.DevToolsPropertyDefaultsPostProcessor [DeferredLog.java:250] Devtools property defaults active! Set 'spring.devtools.add-properties' to 'false' to disable
2023-07-25 16:30:51,723 INFO [restartedMain] o.s.b.d.e.DevToolsPropertyDefaultsPostProcessor [DeferredLog.java:250] For additional web related logging consider setting the 'logging.level.web' property to 'DEBUG'
2023-07-25 16:30:52,530 INFO [restartedMain] o.s.b.w.e.t.TomcatWebServer [TomcatWebServer.java:108] Tomcat initialized with port(s): 8080 (http)
2023-07-25 16:30:52,538 INFO [restartedMain] o.a.c.h.Http11NioProtocol [DirectJDKLog.java:173] Initializing ProtocolHandler ["http-nio-8080"]
2023-07-25 16:30:52,539 INFO [restartedMain] o.a.c.c.StandardService [DirectJDKLog.java:173] Starting service [Tomcat]
2023-07-25 16:30:52,539 INFO [restartedMain] o.a.c.c.StandardEngine [DirectJDKLog.java:173] Starting Servlet engine: [Apache Tomcat/10.1.11]
2023-07-25 16:30:52,581 INFO [restartedMain] o.a.c.c.C.[.[.[/community] [DirectJDKLog.java:173] Initializing Spring embedded WebApplicationContext
2023-07-25 16:30:52,582 INFO [restartedMain] o.s.b.w.s.c.ServletWebServerApplicationContext [ServletWebServerApplicationContext.java:291] Root WebApplicationContext: initialization completed in 859 ms
2023-07-25 16:30:52,945 INFO [restartedMain] o.s.b.a.w.s.WelcomePageHandlerMapping [WelcomePageHandlerMapping.java:57] Adding welcome page template: index
2023-07-25 16:30:53,068 INFO [restartedMain] o.s.b.d.a.OptionalLiveReloadServer [OptionalLiveReloadServer.java:59] LiveReload server is running on port 35729
2023-07-25 16:30:53,081 INFO [restartedMain] o.a.c.h.Http11NioProtocol [DirectJDKLog.java:173] Starting ProtocolHandler ["http-nio-8080"]
2023-07-25 16:30:53,096 INFO [restartedMain] o.s.b.w.e.t.TomcatWebServer [TomcatWebServer.java:220] Tomcat started on port(s): 8080 (http) with context path '/community'
2023-07-25 16:30:53,105 INFO [restartedMain] c.e.c.CommunityApplication [StartupInfoLogger.java:57] Started CommunityApplication in 1.815 seconds (process running for 2.342)
2023-07-25 16:30:56,559 INFO [http-nio-8080-exec-1] o.a.c.c.C.[.[.[/community] [DirectJDKLog.java:173] Initializing Spring DispatcherServlet 'dispatcherServlet'
2023-07-25 16:30:56,560 INFO [http-nio-8080-exec-1] o.s.w.s.DispatcherServlet [FrameworkServlet.java:532] Initializing Servlet 'dispatcherServlet'
2023-07-25 16:30:56,560 INFO [http-nio-8080-exec-1] o.s.w.s.DispatcherServlet [FrameworkServlet.java:554] Completed initialization in 0 ms
2023-07-25 17:22:30,237 INFO [restartedMain] c.e.c.CommunityApplication [StartupInfoLogger.java:51] Starting CommunityApplication using Java 17.0.7 with PID 10968 (E:\IDEA workplace\test\Community\target\classes started by HP in E:\IDEA workplace\test\Community)
2023-07-25 17:22:30,244 INFO [restartedMain] c.e.c.CommunityApplication [SpringApplication.java:634] No active profile set, falling back to 1 default profile: "default"
2023-07-25 17:22:30,293 INFO [restartedMain] o.s.b.d.e.DevToolsPropertyDefaultsPostProcessor [DeferredLog.java:250] Devtools property defaults active! Set 'spring.devtools.add-properties' to 'false' to disable
2023-07-25 17:22:30,294 INFO [restartedMain] o.s.b.d.e.DevToolsPropertyDefaultsPostProcessor [DeferredLog.java:250] For additional web related logging consider setting the 'logging.level.web' property to 'DEBUG'
2023-07-25 17:22:31,499 INFO [restartedMain] o.s.b.w.e.t.TomcatWebServer [TomcatWebServer.java:108] Tomcat initialized with port(s): 8080 (http)
2023-07-25 17:22:31,526 INFO [restartedMain] o.a.c.h.Http11NioProtocol [DirectJDKLog.java:173] Initializing ProtocolHandler ["http-nio-8080"]
2023-07-25 17:22:31,530 INFO [restartedMain] o.a.c.c.StandardService [DirectJDKLog.java:173] Starting service [Tomcat]
2023-07-25 17:22:31,531 INFO [restartedMain] o.a.c.c.StandardEngine [DirectJDKLog.java:173] Starting Servlet engine: [Apache Tomcat/10.1.11]
2023-07-25 17:22:31,596 INFO [restartedMain] o.a.c.c.C.[.[.[/community] [DirectJDKLog.java:173] Initializing Spring embedded WebApplicationContext
2023-07-25 17:22:31,597 INFO [restartedMain] o.s.b.w.s.c.ServletWebServerApplicationContext [ServletWebServerApplicationContext.java:291] Root WebApplicationContext: initialization completed in 1303 ms
2023-07-25 17:22:32,095 INFO [restartedMain] o.s.b.a.w.s.WelcomePageHandlerMapping [WelcomePageHandlerMapping.java:57] Adding welcome page template: index
2023-07-25 17:22:32,241 INFO [restartedMain] o.s.b.d.a.OptionalLiveReloadServer [OptionalLiveReloadServer.java:59] LiveReload server is running on port 35729
2023-07-25 17:22:32,259 INFO [restartedMain] o.a.c.h.Http11NioProtocol [DirectJDKLog.java:173] Starting ProtocolHandler ["http-nio-8080"]
2023-07-25 17:22:32,279 INFO [restartedMain] o.s.b.w.e.t.TomcatWebServer [TomcatWebServer.java:220] Tomcat started on port(s): 8080 (http) with context path '/community'
2023-07-25 17:22:32,293 INFO [restartedMain] c.e.c.CommunityApplication [StartupInfoLogger.java:57] Started CommunityApplication in 2.542 seconds (process running for 3.105)
2023-07-25 17:22:34,393 INFO [http-nio-8080-exec-1] o.a.c.c.C.[.[.[/community] [DirectJDKLog.java:173] Initializing Spring DispatcherServlet 'dispatcherServlet'
2023-07-25 17:22:34,394 INFO [http-nio-8080-exec-1] o.s.w.s.DispatcherServlet [FrameworkServlet.java:532] Initializing Servlet 'dispatcherServlet'
2023-07-25 17:22:34,394 INFO [http-nio-8080-exec-1] o.s.w.s.DispatcherServlet [FrameworkServlet.java:554] Completed initialization in 0 ms
2023-07-25 17:22:34,456 INFO [http-nio-8080-exec-1] c.z.h.HikariDataSource [HikariDataSource.java:110] HikariPool-1 - Starting...
2023-07-25 17:22:34,576 INFO [http-nio-8080-exec-1] c.z.h.p.HikariPool [HikariPool.java:565] HikariPool-1 - Added connection com.mysql.cj.jdbc.ConnectionImpl@64836ab3
2023-07-25 17:22:34,578 INFO [http-nio-8080-exec-1] c.z.h.HikariDataSource [HikariDataSource.java:123] HikariPool-1 - Start completed.
2023-07-25 17:24:30,289 INFO [SpringApplicationShutdownHook] c.z.h.HikariDataSource [HikariDataSource.java:350] HikariPool-1 - Shutdown initiated...
2023-07-25 17:24:30,296 INFO [SpringApplicationShutdownHook] c.z.h.HikariDataSource [HikariDataSource.java:352] HikariPool-1 - Shutdown completed.
2023-07-25 17:24:35,222 INFO [restartedMain] c.e.c.CommunityApplication [StartupInfoLogger.java:51] Starting CommunityApplication using Java 17.0.7 with PID 11728 (E:\IDEA workplace\test\Community\target\classes started by HP in E:\IDEA workplace\test\Community)
2023-07-25 17:24:35,224 INFO [restartedMain] c.e.c.CommunityApplication [SpringApplication.java:634] No active profile set, falling back to 1 default profile: "default"
2023-07-25 17:24:35,273 INFO [restartedMain] o.s.b.d.e.DevToolsPropertyDefaultsPostProcessor [DeferredLog.java:250] Devtools property defaults active! Set 'spring.devtools.add-properties' to 'false' to disable
2023-07-25 17:24:35,274 INFO [restartedMain] o.s.b.d.e.DevToolsPropertyDefaultsPostProcessor [DeferredLog.java:250] For additional web related logging consider setting the 'logging.level.web' property to 'DEBUG'
2023-07-25 17:24:36,079 INFO [restartedMain] o.s.b.w.e.t.TomcatWebServer [TomcatWebServer.java:108] Tomcat initialized with port(s): 8080 (http)
2023-07-25 17:24:36,088 INFO [restartedMain] o.a.c.h.Http11NioProtocol [DirectJDKLog.java:173] Initializing ProtocolHandler ["http-nio-8080"]
2023-07-25 17:24:36,089 INFO [restartedMain] o.a.c.c.StandardService [DirectJDKLog.java:173] Starting service [Tomcat]
2023-07-25 17:24:36,089 INFO [restartedMain] o.a.c.c.StandardEngine [DirectJDKLog.java:173] Starting Servlet engine: [Apache Tomcat/10.1.11]
2023-07-25 17:24:36,140 INFO [restartedMain] o.a.c.c.C.[.[.[/community] [DirectJDKLog.java:173] Initializing Spring embedded WebApplicationContext
2023-07-25 17:24:36,141 INFO [restartedMain] o.s.b.w.s.c.ServletWebServerApplicationContext [ServletWebServerApplicationContext.java:291] Root WebApplicationContext: initialization completed in 867 ms
2023-07-25 17:24:36,513 INFO [restartedMain] o.s.b.a.w.s.WelcomePageHandlerMapping [WelcomePageHandlerMapping.java:57] Adding welcome page template: index
2023-07-25 17:24:36,637 INFO [restartedMain] o.s.b.d.a.OptionalLiveReloadServer [OptionalLiveReloadServer.java:59] LiveReload server is running on port 35729
2023-07-25 17:24:36,649 INFO [restartedMain] o.a.c.h.Http11NioProtocol [DirectJDKLog.java:173] Starting ProtocolHandler ["http-nio-8080"]
2023-07-25 17:24:36,663 INFO [restartedMain] o.s.b.w.e.t.TomcatWebServer [TomcatWebServer.java:220] Tomcat started on port(s): 8080 (http) with context path '/community'
2023-07-25 17:24:36,670 INFO [restartedMain] c.e.c.CommunityApplication [StartupInfoLogger.java:57] Started CommunityApplication in 1.939 seconds (process running for 2.485)
2023-07-25 17:24:36,866 INFO [http-nio-8080-exec-1] o.a.c.c.C.[.[.[/community] [DirectJDKLog.java:173] Initializing Spring DispatcherServlet 'dispatcherServlet'
2023-07-25 17:24:36,867 INFO [http-nio-8080-exec-1] o.s.w.s.DispatcherServlet [FrameworkServlet.java:532] Initializing Servlet 'dispatcherServlet'
2023-07-25 17:24:36,868 INFO [http-nio-8080-exec-1] o.s.w.s.DispatcherServlet [FrameworkServlet.java:554] Completed initialization in 1 ms
2023-07-25 17:24:36,898 INFO [http-nio-8080-exec-1] c.z.h.HikariDataSource [HikariDataSource.java:110] HikariPool-1 - Starting...
2023-07-25 17:24:37,007 INFO [http-nio-8080-exec-1] c.z.h.p.HikariPool [HikariPool.java:565] HikariPool-1 - Added connection com.mysql.cj.jdbc.ConnectionImpl@174c4e84
2023-07-25 17:24:37,009 INFO [http-nio-8080-exec-1] c.z.h.HikariDataSource [HikariDataSource.java:123] HikariPool-1 - Start completed.
2023-07-25 17:27:45,371 INFO [SpringApplicationShutdownHook] c.z.h.HikariDataSource [HikariDataSource.java:350] HikariPool-1 - Shutdown initiated...
2023-07-25 17:27:45,377 INFO [SpringApplicationShutdownHook] c.z.h.HikariDataSource [HikariDataSource.java:352] HikariPool-1 - Shutdown completed.
2023-07-25 17:27:54,534 INFO [restartedMain] c.e.c.CommunityApplication [StartupInfoLogger.java:51] Starting CommunityApplication using Java 17.0.7 with PID 7352 (E:\IDEA workplace\test\Community\target\classes started by HP in E:\IDEA workplace\test\Community)
2023-07-25 17:27:54,536 INFO [restartedMain] c.e.c.CommunityApplication [SpringApplication.java:634] No active profile set, falling back to 1 default profile: "default"
2023-07-25 17:27:54,573 INFO [restartedMain] o.s.b.d.e.DevToolsPropertyDefaultsPostProcessor [DeferredLog.java:250] Devtools property defaults active! Set 'spring.devtools.add-properties' to 'false' to disable
2023-07-25 17:27:54,574 INFO [restartedMain] o.s.b.d.e.DevToolsPropertyDefaultsPostProcessor [DeferredLog.java:250] For additional web related logging consider setting the 'logging.level.web' property to 'DEBUG'
2023-07-25 17:27:55,496 INFO [restartedMain] o.s.b.w.e.t.TomcatWebServer [TomcatWebServer.java:108] Tomcat initialized with port(s): 8080 (http)
2023-07-25 17:27:55,505 INFO [restartedMain] o.a.c.h.Http11NioProtocol [DirectJDKLog.java:173] Initializing ProtocolHandler ["http-nio-8080"]
2023-07-25 17:27:55,508 INFO [restartedMain] o.a.c.c.StandardService [DirectJDKLog.java:173] Starting service [Tomcat]
2023-07-25 17:27:55,508 INFO [restartedMain] o.a.c.c.StandardEngine [DirectJDKLog.java:173] Starting Servlet engine: [Apache Tomcat/10.1.11]
2023-07-25 17:27:55,578 INFO [restartedMain] o.a.c.c.C.[.[.[/community] [DirectJDKLog.java:173] Initializing Spring embedded WebApplicationContext
2023-07-25 17:27:55,579 INFO [restartedMain] o.s.b.w.s.c.ServletWebServerApplicationContext [ServletWebServerApplicationContext.java:291] Root WebApplicationContext: initialization completed in 1005 ms
2023-07-25 17:27:56,047 INFO [restartedMain] o.s.b.a.w.s.WelcomePageHandlerMapping [WelcomePageHandlerMapping.java:57] Adding welcome page template: index
2023-07-25 17:27:56,201 INFO [restartedMain] o.s.b.d.a.OptionalLiveReloadServer [OptionalLiveReloadServer.java:59] LiveReload server is running on port 35729
2023-07-25 17:27:56,217 INFO [restartedMain] o.a.c.h.Http11NioProtocol [DirectJDKLog.java:173] Starting ProtocolHandler ["http-nio-8080"]
2023-07-25 17:27:56,235 INFO [restartedMain] o.s.b.w.e.t.TomcatWebServer [TomcatWebServer.java:220] Tomcat started on port(s): 8080 (http) with context path '/community'
2023-07-25 17:27:56,249 INFO [restartedMain] c.e.c.CommunityApplication [StartupInfoLogger.java:57] Started CommunityApplication in 2.121 seconds (process running for 2.665)
2023-07-25 17:28:00,040 INFO [http-nio-8080-exec-1] o.a.c.c.C.[.[.[/community] [DirectJDKLog.java:173] Initializing Spring DispatcherServlet 'dispatcherServlet'
2023-07-25 17:28:00,040 INFO [http-nio-8080-exec-1] o.s.w.s.DispatcherServlet [FrameworkServlet.java:532] Initializing Servlet 'dispatcherServlet'
2023-07-25 17:28:00,041 INFO [http-nio-8080-exec-1] o.s.w.s.DispatcherServlet [FrameworkServlet.java:554] Completed initialization in 0 ms
2023-07-25 17:28:00,075 INFO [http-nio-8080-exec-1] c.z.h.HikariDataSource [HikariDataSource.java:110] HikariPool-1 - Starting...
2023-07-25 17:28:00,197 INFO [http-nio-8080-exec-1] c.z.h.p.HikariPool [HikariPool.java:565] HikariPool-1 - Added connection com.mysql.cj.jdbc.ConnectionImpl@5b284adf
2023-07-25 17:28:00,198 INFO [http-nio-8080-exec-1] c.z.h.HikariDataSource [HikariDataSource.java:123] HikariPool-1 - Start completed.
2023-07-25 17:29:36,082 INFO [SpringApplicationShutdownHook] c.z.h.HikariDataSource [HikariDataSource.java:350] HikariPool-1 - Shutdown initiated...
2023-07-25 17:29:36,088 INFO [SpringApplicationShutdownHook] c.z.h.HikariDataSource [HikariDataSource.java:352] HikariPool-1 - Shutdown completed.
2023-07-25 17:29:50,808 INFO [restartedMain] c.e.c.CommunityApplication [StartupInfoLogger.java:51] Starting CommunityApplication using Java 17.0.7 with PID 9716 (E:\IDEA workplace\test\Community\target\classes started by HP in E:\IDEA workplace\test\Community)
2023-07-25 17:29:50,810 INFO [restartedMain] c.e.c.CommunityApplication [SpringApplication.java:634] No active profile set, falling back to 1 default profile: "default"
2023-07-25 17:29:50,849 INFO [restartedMain] o.s.b.d.e.DevToolsPropertyDefaultsPostProcessor [DeferredLog.java:250] Devtools property defaults active! Set 'spring.devtools.add-properties' to 'false' to disable
2023-07-25 17:29:50,850 INFO [restartedMain] o.s.b.d.e.DevToolsPropertyDefaultsPostProcessor [DeferredLog.java:250] For additional web related logging consider setting the 'logging.level.web' property to 'DEBUG'
2023-07-25 17:29:51,750 INFO [restartedMain] o.s.b.w.e.t.TomcatWebServer [TomcatWebServer.java:108] Tomcat initialized with port(s): 8080 (http)
2023-07-25 17:29:51,759 INFO [restartedMain] o.a.c.h.Http11NioProtocol [DirectJDKLog.java:173] Initializing ProtocolHandler ["http-nio-8080"]
2023-07-25 17:29:51,760 INFO [restartedMain] o.a.c.c.StandardService [DirectJDKLog.java:173] Starting service [Tomcat]
2023-07-25 17:29:51,760 INFO [restartedMain] o.a.c.c.StandardEngine [DirectJDKLog.java:173] Starting Servlet engine: [Apache Tomcat/10.1.11]
2023-07-25 17:29:51,811 INFO [restartedMain] o.a.c.c.C.[.[.[/community] [DirectJDKLog.java:173] Initializing Spring embedded WebApplicationContext
2023-07-25 17:29:51,811 INFO [restartedMain] o.s.b.w.s.c.ServletWebServerApplicationContext [ServletWebServerApplicationContext.java:291] Root WebApplicationContext: initialization completed in 961 ms
2023-07-25 17:29:52,181 INFO [restartedMain] o.s.b.a.w.s.WelcomePageHandlerMapping [WelcomePageHandlerMapping.java:57] Adding welcome page template: index
2023-07-25 17:29:52,306 INFO [restartedMain] o.s.b.d.a.OptionalLiveReloadServer [OptionalLiveReloadServer.java:59] LiveReload server is running on port 35729
2023-07-25 17:29:52,319 INFO [restartedMain] o.a.c.h.Http11NioProtocol [DirectJDKLog.java:173] Starting ProtocolHandler ["http-nio-8080"]
2023-07-25 17:29:52,334 INFO [restartedMain] o.s.b.w.e.t.TomcatWebServer [TomcatWebServer.java:220] Tomcat started on port(s): 8080 (http) with context path '/community'
2023-07-25 17:29:52,341 INFO [restartedMain] c.e.c.CommunityApplication [StartupInfoLogger.java:57] Started CommunityApplication in 2.033 seconds (process running for 2.713)
2023-07-25 17:29:52,545 INFO [http-nio-8080-exec-1] o.a.c.c.C.[.[.[/community] [DirectJDKLog.java:173] Initializing Spring DispatcherServlet 'dispatcherServlet'
2023-07-25 17:29:52,545 INFO [http-nio-8080-exec-1] o.s.w.s.DispatcherServlet [FrameworkServlet.java:532] Initializing Servlet 'dispatcherServlet'
2023-07-25 17:29:52,546 INFO [http-nio-8080-exec-1] o.s.w.s.DispatcherServlet [FrameworkServlet.java:554] Completed initialization in 1 ms
2023-07-25 17:29:52,574 INFO [http-nio-8080-exec-1] c.z.h.HikariDataSource [HikariDataSource.java:110] HikariPool-1 - Starting...
2023-07-25 17:29:52,685 INFO [http-nio-8080-exec-1] c.z.h.p.HikariPool [HikariPool.java:565] HikariPool-1 - Added connection com.mysql.cj.jdbc.ConnectionImpl@14f54197
2023-07-25 17:29:52,687 INFO [http-nio-8080-exec-1] c.z.h.HikariDataSource [HikariDataSource.java:123] HikariPool-1 - Start completed.
2023-07-25 17:31:45,067 INFO [SpringApplicationShutdownHook] c.z.h.HikariDataSource [HikariDataSource.java:350] HikariPool-1 - Shutdown initiated...
2023-07-25 17:31:45,073 INFO [SpringApplicationShutdownHook] c.z.h.HikariDataSource [HikariDataSource.java:352] HikariPool-1 - Shutdown completed.
2023-07-25 17:55:42,574 INFO [restartedMain] c.e.c.CommunityApplication [StartupInfoLogger.java:51] Starting CommunityApplication using Java 17.0.7 with PID 964 (E:\IDEA workplace\test\Community\target\classes started by HP in E:\IDEA workplace\test\Community)
2023-07-25 17:55:42,576 INFO [restartedMain] c.e.c.CommunityApplication [SpringApplication.java:634] No active profile set, falling back to 1 default profile: "default"
2023-07-25 17:55:42,615 INFO [restartedMain] o.s.b.d.e.DevToolsPropertyDefaultsPostProcessor [DeferredLog.java:250] Devtools property defaults active! Set 'spring.devtools.add-properties' to 'false' to disable
2023-07-25 17:55:42,615 INFO [restartedMain] o.s.b.d.e.DevToolsPropertyDefaultsPostProcessor [DeferredLog.java:250] For additional web related logging consider setting the 'logging.level.web' property to 'DEBUG'
2023-07-25 17:55:43,542 INFO [restartedMain] o.s.b.w.e.t.TomcatWebServer [TomcatWebServer.java:108] Tomcat initialized with port(s): 8080 (http)
2023-07-25 17:55:43,550 INFO [restartedMain] o.a.c.h.Http11NioProtocol [DirectJDKLog.java:173] Initializing ProtocolHandler ["http-nio-8080"]
2023-07-25 17:55:43,551 INFO [restartedMain] o.a.c.c.StandardService [DirectJDKLog.java:173] Starting service [Tomcat]
2023-07-25 17:55:43,551 INFO [restartedMain] o.a.c.c.StandardEngine [DirectJDKLog.java:173] Starting Servlet engine: [Apache Tomcat/10.1.11]
2023-07-25 17:55:43,604 INFO [restartedMain] o.a.c.c.C.[.[.[/community] [DirectJDKLog.java:173] Initializing Spring embedded WebApplicationContext
2023-07-25 17:55:43,604 INFO [restartedMain] o.s.b.w.s.c.ServletWebServerApplicationContext [ServletWebServerApplicationContext.java:291] Root WebApplicationContext: initialization completed in 988 ms
2023-07-25 17:55:44,059 INFO [restartedMain] o.s.b.a.w.s.WelcomePageHandlerMapping [WelcomePageHandlerMapping.java:57] Adding welcome page template: index
2023-07-25 17:55:44,279 INFO [restartedMain] o.s.b.d.a.OptionalLiveReloadServer [OptionalLiveReloadServer.java:59] LiveReload server is running on port 35729
2023-07-25 17:55:44,315 INFO [restartedMain] o.a.c.h.Http11NioProtocol [DirectJDKLog.java:173] Starting ProtocolHandler ["http-nio-8080"]
2023-07-25 17:55:44,349 INFO [restartedMain] o.s.b.w.e.t.TomcatWebServer [TomcatWebServer.java:220] Tomcat started on port(s): 8080 (http) with context path '/community'
2023-07-25 17:55:44,365 INFO [restartedMain] c.e.c.CommunityApplication [StartupInfoLogger.java:57] Started CommunityApplication in 2.35 seconds (process running for 3.196)
2023-07-25 17:55:47,094 INFO [http-nio-8080-exec-1] o.a.c.c.C.[.[.[/community] [DirectJDKLog.java:173] Initializing Spring DispatcherServlet 'dispatcherServlet'
2023-07-25 17:55:47,094 INFO [http-nio-8080-exec-1] o.s.w.s.DispatcherServlet [FrameworkServlet.java:532] Initializing Servlet 'dispatcherServlet'
2023-07-25 17:55:47,095 INFO [http-nio-8080-exec-1] o.s.w.s.DispatcherServlet [FrameworkServlet.java:554] Completed initialization in 1 ms
2023-07-25 17:55:47,127 INFO [http-nio-8080-exec-1] c.z.h.HikariDataSource [HikariDataSource.java:110] HikariPool-1 - Starting...
2023-07-25 17:55:47,246 INFO [http-nio-8080-exec-1] c.z.h.p.HikariPool [HikariPool.java:565] HikariPool-1 - Added connection com.mysql.cj.jdbc.ConnectionImpl@c0beb6d
2023-07-25 17:55:47,247 INFO [http-nio-8080-exec-1] c.z.h.HikariDataSource [HikariDataSource.java:123] HikariPool-1 - Start completed.
2023-07-25 17:57:40,902 INFO [SpringApplicationShutdownHook] c.z.h.HikariDataSource [HikariDataSource.java:350] HikariPool-1 - Shutdown initiated...
2023-07-25 17:57:40,908 INFO [SpringApplicationShutdownHook] c.z.h.HikariDataSource [HikariDataSource.java:352] HikariPool-1 - Shutdown completed.
2023-07-25 17:57:44,488 INFO [restartedMain] c.e.c.CommunityApplication [StartupInfoLogger.java:51] Starting CommunityApplication using Java 17.0.7 with PID 13192 (E:\IDEA workplace\test\Community\target\classes started by HP in E:\IDEA workplace\test\Community)
2023-07-25 17:57:44,494 INFO [restartedMain] c.e.c.CommunityApplication [SpringApplication.java:634] No active profile set, falling back to 1 default profile: "default"
2023-07-25 17:57:44,553 INFO [restartedMain] o.s.b.d.e.DevToolsPropertyDefaultsPostProcessor [DeferredLog.java:250] Devtools property defaults active! Set 'spring.devtools.add-properties' to 'false' to disable
2023-07-25 17:57:44,554 INFO [restartedMain] o.s.b.d.e.DevToolsPropertyDefaultsPostProcessor [DeferredLog.java:250] For additional web related logging consider setting the 'logging.level.web' property to 'DEBUG'
2023-07-25 17:57:45,701 INFO [restartedMain] o.s.b.w.e.t.TomcatWebServer [TomcatWebServer.java:108] Tomcat initialized with port(s): 8080 (http)
2023-07-25 17:57:45,708 INFO [restartedMain] o.a.c.h.Http11NioProtocol [DirectJDKLog.java:173] Initializing ProtocolHandler ["http-nio-8080"]
2023-07-25 17:57:45,710 INFO [restartedMain] o.a.c.c.StandardService [DirectJDKLog.java:173] Starting service [Tomcat]
2023-07-25 17:57:45,710 INFO [restartedMain] o.a.c.c.StandardEngine [DirectJDKLog.java:173] Starting Servlet engine: [Apache Tomcat/10.1.11]
2023-07-25 17:57:45,758 INFO [restartedMain] o.a.c.c.C.[.[.[/community] [DirectJDKLog.java:173] Initializing Spring embedded WebApplicationContext
2023-07-25 17:57:45,758 INFO [restartedMain] o.s.b.w.s.c.ServletWebServerApplicationContext [ServletWebServerApplicationContext.java:291] Root WebApplicationContext: initialization completed in 1201 ms
2023-07-25 17:57:46,133 INFO [restartedMain] o.s.b.a.w.s.WelcomePageHandlerMapping [WelcomePageHandlerMapping.java:57] Adding welcome page template: index
2023-07-25 17:57:46,264 INFO [restartedMain] o.s.b.d.a.OptionalLiveReloadServer [OptionalLiveReloadServer.java:59] LiveReload server is running on port 35729
2023-07-25 17:57:46,279 INFO [restartedMain] o.a.c.h.Http11NioProtocol [DirectJDKLog.java:173] Starting ProtocolHandler ["http-nio-8080"]
2023-07-25 17:57:46,293 INFO [restartedMain] o.s.b.w.e.t.TomcatWebServer [TomcatWebServer.java:220] Tomcat started on port(s): 8080 (http) with context path '/community'
2023-07-25 17:57:46,301 INFO [restartedMain] c.e.c.CommunityApplication [StartupInfoLogger.java:57] Started CommunityApplication in 2.35 seconds (process running for 2.905)
2023-07-25 17:57:46,531 INFO [http-nio-8080-exec-1] o.a.c.c.C.[.[.[/community] [DirectJDKLog.java:173] Initializing Spring DispatcherServlet 'dispatcherServlet'
2023-07-25 17:57:46,532 INFO [http-nio-8080-exec-1] o.s.w.s.DispatcherServlet [FrameworkServlet.java:532] Initializing Servlet 'dispatcherServlet'
2023-07-25 17:57:46,532 INFO [http-nio-8080-exec-1] o.s.w.s.DispatcherServlet [FrameworkServlet.java:554] Completed initialization in 0 ms
2023-07-25 17:57:46,561 INFO [http-nio-8080-exec-1] c.z.h.HikariDataSource [HikariDataSource.java:110] HikariPool-1 - Starting...
2023-07-25 17:57:46,679 INFO [http-nio-8080-exec-1] c.z.h.p.HikariPool [HikariPool.java:565] HikariPool-1 - Added connection com.mysql.cj.jdbc.ConnectionImpl@1921cedc
2023-07-25 17:57:46,682 INFO [http-nio-8080-exec-1] c.z.h.HikariDataSource [HikariDataSource.java:123] HikariPool-1 - Start completed.
2023-07-25 17:58:02,988 INFO [SpringApplicationShutdownHook] c.z.h.HikariDataSource [HikariDataSource.java:350] HikariPool-1 - Shutdown initiated...
2023-07-25 17:58:02,993 INFO [SpringApplicationShutdownHook] c.z.h.HikariDataSource [HikariDataSource.java:352] HikariPool-1 - Shutdown completed.
2023-07-25 22:07:52,279 INFO [restartedMain] c.e.c.CommunityApplication [StartupInfoLogger.java:51] Starting CommunityApplication using Java 17.0.7 with PID 2468 (E:\IDEA workplace\test\Community\target\classes started by HP in E:\IDEA workplace\test\Community)
2023-07-25 22:07:52,281 INFO [restartedMain] c.e.c.CommunityApplication [SpringApplication.java:634] No active profile set, falling back to 1 default profile: "default"
2023-07-25 22:07:52,322 INFO [restartedMain] o.s.b.d.e.DevToolsPropertyDefaultsPostProcessor [DeferredLog.java:250] Devtools property defaults active! Set 'spring.devtools.add-properties' to 'false' to disable
2023-07-25 22:07:52,322 INFO [restartedMain] o.s.b.d.e.DevToolsPropertyDefaultsPostProcessor [DeferredLog.java:250] For additional web related logging consider setting the 'logging.level.web' property to 'DEBUG'
2023-07-25 22:07:53,340 INFO [restartedMain] o.s.b.w.e.t.TomcatWebServer [TomcatWebServer.java:108] Tomcat initialized with port(s): 8080 (http)
2023-07-25 22:07:53,353 INFO [restartedMain] o.a.c.h.Http11NioProtocol [DirectJDKLog.java:173] Initializing ProtocolHandler ["http-nio-8080"]
2023-07-25 22:07:53,356 INFO [restartedMain] o.a.c.c.StandardService [DirectJDKLog.java:173] Starting service [Tomcat]
2023-07-25 22:07:53,357 INFO [restartedMain] o.a.c.c.StandardEngine [DirectJDKLog.java:173] Starting Servlet engine: [Apache Tomcat/10.1.11]
2023-07-25 22:07:53,405 INFO [restartedMain] o.a.c.c.C.[.[.[/community] [DirectJDKLog.java:173] Initializing Spring embedded WebApplicationContext
2023-07-25 22:07:53,406 INFO [restartedMain] o.s.b.w.s.c.ServletWebServerApplicationContext [ServletWebServerApplicationContext.java:291] Root WebApplicationContext: initialization completed in 1083 ms
2023-07-25 22:07:53,877 INFO [restartedMain] o.s.b.a.w.s.WelcomePageHandlerMapping [WelcomePageHandlerMapping.java:57] Adding welcome page template: index
2023-07-25 22:07:54,048 INFO [restartedMain] o.s.b.d.a.OptionalLiveReloadServer [OptionalLiveReloadServer.java:59] LiveReload server is running on port 35729
2023-07-25 22:07:54,066 INFO [restartedMain] o.a.c.h.Http11NioProtocol [DirectJDKLog.java:173] Starting ProtocolHandler ["http-nio-8080"]
2023-07-25 22:07:54,086 INFO [restartedMain] o.s.b.w.e.t.TomcatWebServer [TomcatWebServer.java:220] Tomcat started on port(s): 8080 (http) with context path '/community'
2023-07-25 22:07:54,105 INFO [restartedMain] c.e.c.CommunityApplication [StartupInfoLogger.java:57] Started CommunityApplication in 2.302 seconds (process running for 3.467)
2023-07-25 22:08:11,546 INFO [http-nio-8080-exec-1] o.a.c.c.C.[.[.[/community] [DirectJDKLog.java:173] Initializing Spring DispatcherServlet 'dispatcherServlet'
2023-07-25 22:08:11,547 INFO [http-nio-8080-exec-1] o.s.w.s.DispatcherServlet [FrameworkServlet.java:532] Initializing Servlet 'dispatcherServlet'
2023-07-25 22:08:11,547 INFO [http-nio-8080-exec-1] o.s.w.s.DispatcherServlet [FrameworkServlet.java:554] Completed initialization in 0 ms
2023-07-25 22:08:11,584 INFO [http-nio-8080-exec-1] c.z.h.HikariDataSource [HikariDataSource.java:110] HikariPool-1 - Starting...
2023-07-25 22:08:11,726 INFO [http-nio-8080-exec-1] c.z.h.p.HikariPool [HikariPool.java:565] HikariPool-1 - Added connection com.mysql.cj.jdbc.ConnectionImpl@3d442201
2023-07-25 22:08:11,727 INFO [http-nio-8080-exec-1] c.z.h.HikariDataSource [HikariDataSource.java:123] HikariPool-1 - Start completed.
2023-07-25 22:10:01,389 INFO [SpringApplicationShutdownHook] c.z.h.HikariDataSource [HikariDataSource.java:350] HikariPool-1 - Shutdown initiated...
2023-07-25 22:10:01,396 INFO [SpringApplicationShutdownHook] c.z.h.HikariDataSource [HikariDataSource.java:352] HikariPool-1 - Shutdown completed.
2023-07-25 22:10:06,397 INFO [restartedMain] c.e.c.CommunityApplication [StartupInfoLogger.java:51] Starting CommunityApplication using Java 17.0.7 with PID 2848 (E:\IDEA workplace\test\Community\target\classes started by HP in E:\IDEA workplace\test\Community)
2023-07-25 22:10:06,398 INFO [restartedMain] c.e.c.CommunityApplication [SpringApplication.java:634] No active profile set, falling back to 1 default profile: "default"
2023-07-25 22:10:06,441 INFO [restartedMain] o.s.b.d.e.DevToolsPropertyDefaultsPostProcessor [DeferredLog.java:250] Devtools property defaults active! Set 'spring.devtools.add-properties' to 'false' to disable
2023-07-25 22:10:06,442 INFO [restartedMain] o.s.b.d.e.DevToolsPropertyDefaultsPostProcessor [DeferredLog.java:250] For additional web related logging consider setting the 'logging.level.web' property to 'DEBUG'
2023-07-25 22:10:07,297 INFO [restartedMain] o.s.b.w.e.t.TomcatWebServer [TomcatWebServer.java:108] Tomcat initialized with port(s): 8080 (http)
2023-07-25 22:10:07,305 INFO [restartedMain] o.a.c.h.Http11NioProtocol [DirectJDKLog.java:173] Initializing ProtocolHandler ["http-nio-8080"]
2023-07-25 22:10:07,307 INFO [restartedMain] o.a.c.c.StandardService [DirectJDKLog.java:173] Starting service [Tomcat]
2023-07-25 22:10:07,307 INFO [restartedMain] o.a.c.c.StandardEngine [DirectJDKLog.java:173] Starting Servlet engine: [Apache Tomcat/10.1.11]
2023-07-25 22:10:07,354 INFO [restartedMain] o.a.c.c.C.[.[.[/community] [DirectJDKLog.java:173] Initializing Spring embedded WebApplicationContext
2023-07-25 22:10:07,355 INFO [restartedMain] o.s.b.w.s.c.ServletWebServerApplicationContext [ServletWebServerApplicationContext.java:291] Root WebApplicationContext: initialization completed in 912 ms
2023-07-25 22:10:07,752 INFO [restartedMain] o.s.b.a.w.s.WelcomePageHandlerMapping [WelcomePageHandlerMapping.java:57] Adding welcome page template: index
2023-07-25 22:10:07,877 INFO [restartedMain] o.s.b.d.a.OptionalLiveReloadServer [OptionalLiveReloadServer.java:59] LiveReload server is running on port 35729
2023-07-25 22:10:07,900 INFO [restartedMain] o.a.c.h.Http11NioProtocol [DirectJDKLog.java:173] Starting ProtocolHandler ["http-nio-8080"]
2023-07-25 22:10:07,918 INFO [restartedMain] o.s.b.w.e.t.TomcatWebServer [TomcatWebServer.java:220] Tomcat started on port(s): 8080 (http) with context path '/community'
2023-07-25 22:10:07,926 INFO [restartedMain] c.e.c.CommunityApplication [StartupInfoLogger.java:57] Started CommunityApplication in 1.948 seconds (process running for 2.521)
2023-07-25 22:10:11,042 INFO [http-nio-8080-exec-1] o.a.c.c.C.[.[.[/community] [DirectJDKLog.java:173] Initializing Spring DispatcherServlet 'dispatcherServlet'
2023-07-25 22:10:11,043 INFO [http-nio-8080-exec-1] o.s.w.s.DispatcherServlet [FrameworkServlet.java:532] Initializing Servlet 'dispatcherServlet'
2023-07-25 22:10:11,043 INFO [http-nio-8080-exec-1] o.s.w.s.DispatcherServlet [FrameworkServlet.java:554] Completed initialization in 0 ms
2023-07-25 22:10:11,075 INFO [http-nio-8080-exec-1] c.z.h.HikariDataSource [HikariDataSource.java:110] HikariPool-1 - Starting...
2023-07-25 22:10:11,201 INFO [http-nio-8080-exec-1] c.z.h.p.HikariPool [HikariPool.java:565] HikariPool-1 - Added connection com.mysql.cj.jdbc.ConnectionImpl@21104e13
2023-07-25 22:10:11,202 INFO [http-nio-8080-exec-1] c.z.h.HikariDataSource [HikariDataSource.java:123] HikariPool-1 - Start completed.
2023-07-25 22:11:08,355 INFO [SpringApplicationShutdownHook] c.z.h.HikariDataSource [HikariDataSource.java:350] HikariPool-1 - Shutdown initiated...
2023-07-25 22:11:08,360 INFO [SpringApplicationShutdownHook] c.z.h.HikariDataSource [HikariDataSource.java:352] HikariPool-1 - Shutdown completed.
2023-07-25 22:12:37,262 INFO [restartedMain] c.e.c.CommunityApplication [StartupInfoLogger.java:51] Starting CommunityApplication using Java 17.0.7 with PID 10088 (E:\IDEA workplace\test\Community\target\classes started by HP in E:\IDEA workplace\test\Community)
2023-07-25 22:12:37,265 INFO [restartedMain] c.e.c.CommunityApplication [SpringApplication.java:634] No active profile set, falling back to 1 default profile: "default"
2023-07-25 22:12:37,316 INFO [restartedMain] o.s.b.d.e.DevToolsPropertyDefaultsPostProcessor [DeferredLog.java:250] Devtools property defaults active! Set 'spring.devtools.add-properties' to 'false' to disable
2023-07-25 22:12:37,317 INFO [restartedMain] o.s.b.d.e.DevToolsPropertyDefaultsPostProcessor [DeferredLog.java:250] For additional web related logging consider setting the 'logging.level.web' property to 'DEBUG'
2023-07-25 22:12:38,469 INFO [restartedMain] o.s.b.w.e.t.TomcatWebServer [TomcatWebServer.java:108] Tomcat initialized with port(s): 8080 (http)
2023-07-25 22:12:38,475 INFO [restartedMain] o.a.c.h.Http11NioProtocol [DirectJDKLog.java:173] Initializing ProtocolHandler ["http-nio-8080"]
2023-07-25 22:12:38,476 INFO [restartedMain] o.a.c.c.StandardService [DirectJDKLog.java:173] Starting service [Tomcat]
2023-07-25 22:12:38,477 INFO [restartedMain] o.a.c.c.StandardEngine [DirectJDKLog.java:173] Starting Servlet engine: [Apache Tomcat/10.1.11]
2023-07-25 22:12:38,526 INFO [restartedMain] o.a.c.c.C.[.[.[/community] [DirectJDKLog.java:173] Initializing Spring embedded WebApplicationContext
2023-07-25 22:12:38,527 INFO [restartedMain] o.s.b.w.s.c.ServletWebServerApplicationContext [ServletWebServerApplicationContext.java:291] Root WebApplicationContext: initialization completed in 1208 ms
2023-07-25 22:12:38,969 INFO [restartedMain] o.s.b.a.w.s.WelcomePageHandlerMapping [WelcomePageHandlerMapping.java:57] Adding welcome page template: index
2023-07-25 22:12:39,114 INFO [restartedMain] o.s.b.d.a.OptionalLiveReloadServer [OptionalLiveReloadServer.java:59] LiveReload server is running on port 35729
2023-07-25 22:12:39,130 INFO [restartedMain] o.a.c.h.Http11NioProtocol [DirectJDKLog.java:173] Starting ProtocolHandler ["http-nio-8080"]
2023-07-25 22:12:39,147 INFO [restartedMain] o.s.b.w.e.t.TomcatWebServer [TomcatWebServer.java:220] Tomcat started on port(s): 8080 (http) with context path '/community'
2023-07-25 22:12:39,155 INFO [restartedMain] c.e.c.CommunityApplication [StartupInfoLogger.java:57] Started CommunityApplication in 2.473 seconds (process running for 3.241)
2023-07-25 22:12:41,306 INFO [http-nio-8080-exec-1] o.a.c.c.C.[.[.[/community] [DirectJDKLog.java:173] Initializing Spring DispatcherServlet 'dispatcherServlet'
2023-07-25 22:12:41,307 INFO [http-nio-8080-exec-1] o.s.w.s.DispatcherServlet [FrameworkServlet.java:532] Initializing Servlet 'dispatcherServlet'
2023-07-25 22:12:41,308 INFO [http-nio-8080-exec-1] o.s.w.s.DispatcherServlet [FrameworkServlet.java:554] Completed initialization in 1 ms
2023-07-25 22:12:41,341 INFO [http-nio-8080-exec-1] c.z.h.HikariDataSource [HikariDataSource.java:110] HikariPool-1 - Starting...
2023-07-25 22:12:41,450 INFO [http-nio-8080-exec-1] c.z.h.p.HikariPool [HikariPool.java:565] HikariPool-1 - Added connection com.mysql.cj.jdbc.ConnectionImpl@4fed5c45
2023-07-25 22:12:41,452 INFO [http-nio-8080-exec-1] c.z.h.HikariDataSource [HikariDataSource.java:123] HikariPool-1 - Start completed.
2023-07-25 22:13:29,100 INFO [SpringApplicationShutdownHook] c.z.h.HikariDataSource [HikariDataSource.java:350] HikariPool-1 - Shutdown initiated...
2023-07-25 22:13:29,108 INFO [SpringApplicationShutdownHook] c.z.h.HikariDataSource [HikariDataSource.java:352] HikariPool-1 - Shutdown completed.
